时间:2016/5/16 9:07:45,事件:启动日志:
2016/5/16 9:07:45
    正在启动煤管理系统......
2016/5/16 9:07:45L
    正在初始化服务......
2016/5/16 9:07:45
    服务打开成功
2016/5/16 9:07:45L
    正在连接开元采样机中间库......
2016/5/16 9:07:45
    开元采样机中间库连接成功
2016/5/16 9:07:45L
    正在连接开元制样机中间库......
2016/5/16 9:07:45
    开元制样机中间库连接成功
2016/5/16 9:07:45
    地磅仪表未启用......
2016/5/16 9:07:45
    车号识别器(1)未启用......
2016/5/16 9:07:45
    车号识别器(2)未启用......
2016/5/16 9:07:45
    车号识别器(3)未启用......
2016/5/16 9:07:45
    车号识别器(4)未启用......
2016/5/16 9:07:45
    LED屏连接失败(1):1号Led屏停用
2016/5/16 9:07:45
    LED屏连接失败(2):2号Led屏停用
时间:2016/5/16 9:16:02,事件:启动日志:
2016/5/16 9:16:02
    正在启动煤管理系统......
2016/5/16 9:16:02L
    正在初始化服务......
2016/5/16 9:16:02
    服务打开成功
2016/5/16 9:16:02L
    正在连接开元采样机中间库......
2016/5/16 9:16:02
    开元采样机中间库连接成功
2016/5/16 9:16:02L
    正在连接开元制样机中间库......
2016/5/16 9:16:02
    开元制样机中间库连接成功
2016/5/16 9:16:02
    地磅仪表未启用......
2016/5/16 9:16:02
    车号识别器(1)未启用......
2016/5/16 9:16:02
    车号识别器(2)未启用......
2016/5/16 9:16:02
    车号识别器(3)未启用......
2016/5/16 9:16:02
    车号识别器(4)未启用......
2016/5/16 9:16:02
    LED屏连接失败(1):1号Led屏停用
2016/5/16 9:16:02
    LED屏连接失败(2):2号Led屏停用
