时间:2016/5/19 11:43:47,事件:启动日志:
2016/5/19 11:43:47
    正在启动停车管理系统......
2016/5/19 11:43:47L
    正在初始化服务......
2016/5/19 11:43:47
    服务打开成功
2016/5/19 11:43:47L
    正在连接开元采样机中间库......
2016/5/19 11:43:47
    开元采样机中间库连接成功
2016/5/19 11:43:47L
    正在连接开元制样机中间库......
2016/5/19 11:43:47
    开元制样机中间库连接成功
2016/5/19 11:43:47
    地磅仪表未启用......
2016/5/19 11:43:47
    车号识别器(1)未启用......
2016/5/19 11:43:47
    车号识别器(2)未启用......
2016/5/19 11:43:47
    车号识别器(3)未启用......
2016/5/19 11:43:47
    车号识别器(4)未启用......
2016/5/19 11:43:47
    LED屏连接失败(1):1号Led屏停用
2016/5/19 11:43:47
    LED屏连接失败(2):2号Led屏停用
时间:2016/5/19 11:48:29,事件:启动日志:
2016/5/19 11:48:29L
    正在初始化服务......
2016/5/19 11:48:29
    服务打开成功
2016/5/19 11:48:29L
    正在连接开元采样机中间库......
2016/5/19 11:48:29
    开元采样机中间库连接成功
2016/5/19 11:48:29L
    正在连接开元制样机中间库......
2016/5/19 11:48:29
    开元制样机中间库连接成功
2016/5/19 11:48:29
    地磅仪表未启用......
2016/5/19 11:48:29
    车号识别器(1)未启用......
2016/5/19 11:48:29
    车号识别器(2)未启用......
2016/5/19 11:48:29
    车号识别器(3)未启用......
2016/5/19 11:48:29
    车号识别器(4)未启用......
2016/5/19 11:48:29
    LED屏连接失败(1):1号Led屏停用
2016/5/19 11:48:29
    LED屏连接失败(2):2号Led屏停用
时间:2016/5/19 13:48:57,事件:启动日志:
2016/5/19 13:48:56L
    正在初始化服务......
2016/5/19 13:48:56
    服务打开成功
2016/5/19 13:48:56L
    正在连接开元采样机中间库......
2016/5/19 13:48:57
    开元采样机中间库连接成功
2016/5/19 13:48:57L
    正在连接开元制样机中间库......
2016/5/19 13:48:57
    开元制样机中间库连接成功
2016/5/19 13:48:57
    地磅仪表未启用......
2016/5/19 13:48:57
    车号识别器(1)未启用......
2016/5/19 13:48:57
    车号识别器(2)未启用......
2016/5/19 13:48:57
    车号识别器(3)未启用......
2016/5/19 13:48:57
    车号识别器(4)未启用......
2016/5/19 13:48:57
    LED屏连接失败(1):1号Led屏停用
2016/5/19 13:48:57
    LED屏连接失败(2):2号Led屏停用
时间:2016/5/19 13:55:37,事件:启动日志:
2016/5/19 13:55:37L
    正在初始化服务......
2016/5/19 13:55:37
    服务打开成功
2016/5/19 13:55:37L
    正在连接开元采样机中间库......
2016/5/19 13:55:37
    开元采样机中间库连接成功
2016/5/19 13:55:37L
    正在连接开元制样机中间库......
2016/5/19 13:55:37
    开元制样机中间库连接成功
2016/5/19 13:55:37
    地磅仪表未启用......
2016/5/19 13:55:37
    车号识别器(1)未启用......
2016/5/19 13:55:37
    车号识别器(2)未启用......
2016/5/19 13:55:37
    车号识别器(3)未启用......
2016/5/19 13:55:37
    车号识别器(4)未启用......
2016/5/19 13:55:37
    LED屏连接失败(1):1号Led屏停用
2016/5/19 13:55:37
    LED屏连接失败(2):2号Led屏停用
时间:2016/5/19 14:23:55,事件:SamUnloadProc:等待进入卸料状态,采样机状态:待机可卸
时间:2016/5/19 14:25:50,事件:SamUnloadProc:等待进入卸料状态,采样机状态:待机可卸
时间:2016/5/19 14:27:40,事件:SamUnloadProc:等待进入卸料状态,采样机状态:正在卸样
时间:2016/5/19 14:28:54,事件:SamUnloadProc:采样机进入卸料状态
时间:2016/5/19 14:33:06,事件:SamUnloadProc:采样机卸料完成
时间:2016/5/19 14:37:53,事件:SamUnloadProc:等待制样机完成制样
时间:2016/5/19 15:03:59,事件:启动日志:
2016/5/19 15:03:59L
    正在初始化服务......
2016/5/19 15:03:59
    服务打开成功
2016/5/19 15:03:59L
    正在连接开元采样机中间库......
2016/5/19 15:03:59
    开元采样机中间库连接成功
2016/5/19 15:03:59L
    正在连接开元制样机中间库......
2016/5/19 15:03:59
    开元制样机中间库连接成功
2016/5/19 15:03:59
    地磅仪表未启用......
2016/5/19 15:03:59
    车号识别器(1)未启用......
2016/5/19 15:03:59
    车号识别器(2)未启用......
2016/5/19 15:03:59
    车号识别器(3)未启用......
2016/5/19 15:03:59
    车号识别器(4)未启用......
2016/5/19 15:03:59
    LED屏连接失败(1):1号Led屏停用
2016/5/19 15:03:59
    LED屏连接失败(2):2号Led屏停用
时间:2016/5/19 15:52:12,事件:启动日志:
2016/5/19 15:52:11L
    正在初始化服务......
2016/5/19 15:52:11
    服务打开成功
2016/5/19 15:52:11L
    正在连接开元采样机中间库......
2016/5/19 15:52:12
    开元采样机中间库连接成功
2016/5/19 15:52:12L
    正在连接开元制样机中间库......
2016/5/19 15:52:12
    开元制样机中间库连接成功
2016/5/19 15:52:12
    地磅仪表未启用......
2016/5/19 15:52:12
    车号识别器(1)未启用......
2016/5/19 15:52:12
    车号识别器(2)未启用......
2016/5/19 15:52:12
    车号识别器(3)未启用......
2016/5/19 15:52:12
    车号识别器(4)未启用......
2016/5/19 15:52:12
    LED屏连接失败(1):1号Led屏停用
2016/5/19 15:52:12
    LED屏连接失败(2):2号Led屏停用
