时间:2016/5/11 9:13:50,事件:收卡到票箱失败：1号收发卡器:收卡机被禁止
时间:2016/5/11 9:13:56,事件:收卡到票箱失败：1号收发卡器:收卡机被禁止
时间:2016/5/11 9:14:02,事件:收卡到票箱失败：1号收发卡器:收卡机被禁止
时间:2016/5/11 9:14:07,事件:收卡到票箱失败：1号收发卡器:收卡机被禁止
时间:2016/5/11 9:14:13,事件:收卡到票箱失败：1号收发卡器:收卡机被禁止
时间:2016/5/11 9:14:19,事件:收卡到票箱失败：1号收发卡器:收卡机被禁止
时间:2016/5/11 9:14:25,事件:收卡到票箱失败：1号收发卡器:收卡机被禁止
时间:2016/5/11 9:14:31,事件:收卡到票箱失败：1号收发卡器:收卡机被禁止
时间:2016/5/11 9:14:37,事件:收卡到票箱失败：1号收发卡器:收卡机被禁止
时间:2016/5/11 9:14:42,事件:收卡到票箱失败：1号收发卡器:收卡机被禁止
时间:2016/5/11 9:14:48,事件:收卡到票箱失败：1号收发卡器:收卡机被禁止
时间:2016/5/11 9:14:54,事件:收卡到票箱失败：1号收发卡器:收卡机被禁止
时间:2016/5/11 9:15:00,事件:收卡到票箱失败：1号收发卡器:收卡机被禁止
时间:2016/5/11 9:15:06,事件:收卡到票箱失败：1号收发卡器:收卡机被禁止
时间:2016/5/11 9:15:19,事件:RsultAnalysis@GetCarInfo_pt:异常获取车辆信息
时间:2016/5/11 9:15:19,事件:卡号取车辆信息失败:异常获取车辆信息
时间:2016/5/11 9:15:22,事件:卡号取车辆信息失败:异常获取车辆信息,弹卡指令失败:1号收发卡器:收卡机被禁止
时间:2016/5/11 9:15:23,事件:卡号取车辆信息失败:异常获取车辆信息,弹卡指令失败:1号收发卡器:收卡机出错
时间:2016/5/11 9:15:24,事件:卡号取车辆信息失败:异常获取车辆信息,弹卡指令失败:1号收发卡器:收卡机出错
时间:2016/5/11 9:15:25,事件:卡号取车辆信息失败:异常获取车辆信息,弹卡指令失败:1号收发卡器:收卡机出错
时间:2016/5/11 9:15:26,事件:卡号取车辆信息失败:异常获取车辆信息,弹卡指令失败:1号收发卡器:收卡机出错
时间:2016/5/11 9:15:28,事件:卡号取车辆信息失败:异常获取车辆信息,弹卡指令失败:1号收发卡器:收卡机出错
时间:2016/5/11 9:15:29,事件:卡号取车辆信息失败:异常获取车辆信息,弹卡指令失败:1号收发卡器:收卡机出错
时间:2016/5/11 9:15:30,事件:卡号取车辆信息失败:异常获取车辆信息,弹卡指令失败:1号收发卡器:收卡机出错
时间:2016/5/11 9:15:31,事件:卡号取车辆信息失败:异常获取车辆信息,弹卡指令失败:1号收发卡器:收卡机出错
时间:2016/5/11 9:15:32,事件:卡号取车辆信息失败:异常获取车辆信息,弹卡指令失败:1号收发卡器:收卡机出错
时间:2016/5/11 9:15:33,事件:卡号取车辆信息失败:异常获取车辆信息,弹卡指令失败:1号收发卡器:收卡机出错
时间:2016/5/11 9:15:34,事件:RsultAnalysis@GetCarInfo_pt:异常获取车辆信息
时间:2016/5/11 9:15:34,事件:卡号取车辆信息失败:异常获取车辆信息
时间:2016/5/11 9:15:34,事件:卡号取车辆信息失败:异常获取车辆信息,弹卡指令失败:1号收发卡器:收卡机出错
时间:2016/5/11 9:15:35,事件:卡号取车辆信息失败:异常获取车辆信息,弹卡指令失败:1号收发卡器:收卡机出错
时间:2016/5/11 9:15:36,事件:卡号取车辆信息失败:异常获取车辆信息,弹卡指令失败:1号收发卡器:收卡机出错
时间:2016/5/11 9:15:37,事件:卡号取车辆信息失败:异常获取车辆信息,弹卡指令失败:1号收发卡器:收卡机出错
时间:2016/5/11 9:15:38,事件:卡号取车辆信息失败:异常获取车辆信息,弹卡指令失败:1号收发卡器:收卡机出错
时间:2016/5/11 9:15:39,事件:卡号取车辆信息失败:异常获取车辆信息,弹卡指令失败:1号收发卡器:收卡机出错
时间:2016/5/11 9:15:40,事件:RsultAnalysis@GetCarInfo_pt:异常获取车辆信息
时间:2016/5/11 9:15:40,事件:卡号取车辆信息失败:异常获取车辆信息
时间:2016/5/11 9:15:40,事件:卡号取车辆信息失败:异常获取车辆信息,弹卡指令失败:1号收发卡器:收卡机出错
时间:2016/5/11 9:15:41,事件:卡号取车辆信息失败:异常获取车辆信息,弹卡指令失败:1号收发卡器:收卡机出错
时间:2016/5/11 9:15:42,事件:卡号取车辆信息失败:异常获取车辆信息,弹卡指令失败:1号收发卡器:收卡机出错
时间:2016/5/11 9:15:43,事件:卡号取车辆信息失败:异常获取车辆信息,弹卡指令失败:1号收发卡器:收卡机出错
时间:2016/5/11 9:15:44,事件:卡号取车辆信息失败:异常获取车辆信息,弹卡指令失败:1号收发卡器:收卡机出错
时间:2016/5/11 9:15:45,事件:卡号取车辆信息失败:异常获取车辆信息,弹卡指令失败:1号收发卡器:收卡机出错
时间:2016/5/11 9:15:46,事件:卡号取车辆信息失败:异常获取车辆信息,弹卡指令失败:1号收发卡器:收卡机出错
时间:2016/5/11 9:15:47,事件:卡号取车辆信息失败:异常获取车辆信息,弹卡指令失败:1号收发卡器:收卡机出错
时间:2016/5/11 9:15:48,事件:卡号取车辆信息失败:异常获取车辆信息,弹卡指令失败:1号收发卡器:收卡机出错
时间:2016/5/11 9:15:49,事件:卡号取车辆信息失败:异常获取车辆信息,弹卡指令失败:1号收发卡器:收卡机出错
时间:2016/5/11 9:15:51,事件:卡号取车辆信息失败:异常获取车辆信息,弹卡指令失败:1号收发卡器:收卡机出错
时间:2016/5/11 9:15:52,事件:卡号取车辆信息失败:异常获取车辆信息,弹卡指令失败:1号收发卡器:收卡机出错
时间:2016/5/11 9:15:53,事件:RsultAnalysis@GetCarInfo_pt:异常获取车辆信息
时间:2016/5/11 9:15:53,事件:卡号取车辆信息失败:异常获取车辆信息
时间:2016/5/11 9:15:53,事件:卡号取车辆信息失败:异常获取车辆信息,弹卡指令失败:1号收发卡器:收卡机出错
时间:2016/5/11 9:15:54,事件:卡号取车辆信息失败:异常获取车辆信息,弹卡指令失败:1号收发卡器:收卡机出错
时间:2016/5/11 9:15:55,事件:RsultAnalysis@GetCarInfo_pt:异常获取车辆信息
时间:2016/5/11 9:15:55,事件:卡号取车辆信息失败:异常获取车辆信息
时间:2016/5/11 9:15:55,事件:卡号取车辆信息失败:异常获取车辆信息,弹卡指令失败:1号收发卡器:收卡机出错
时间:2016/5/11 9:16:15,事件:RsultAnalysis@GetCarInfo_pt:异常获取车辆信息
时间:2016/5/11 9:16:15,事件:卡号取车辆信息失败:异常获取车辆信息
时间:2016/5/11 9:16:18,事件:卡号取车辆信息失败:异常获取车辆信息,弹卡指令失败:1号收发卡器:收卡机被禁止
时间:2016/5/11 9:16:19,事件:卡号取车辆信息失败:异常获取车辆信息,弹卡指令失败:1号收发卡器:收卡机出错
时间:2016/5/11 9:16:20,事件:卡号取车辆信息失败:异常获取车辆信息,弹卡指令失败:1号收发卡器:收卡机出错
时间:2016/5/11 9:16:21,事件:卡号取车辆信息失败:异常获取车辆信息,弹卡指令失败:1号收发卡器:收卡机出错
时间:2016/5/11 9:16:22,事件:卡号取车辆信息失败:异常获取车辆信息,弹卡指令失败:1号收发卡器:收卡机出错
时间:2016/5/11 9:16:23,事件:卡号取车辆信息失败:异常获取车辆信息,弹卡指令失败:1号收发卡器:收卡机出错
时间:2016/5/11 9:16:25,事件:卡号取车辆信息失败:异常获取车辆信息,弹卡指令失败:1号收发卡器:收卡机出错
时间:2016/5/11 9:16:26,事件:卡号取车辆信息失败:异常获取车辆信息,弹卡指令失败:1号收发卡器:收卡机出错
时间:2016/5/11 9:16:27,事件:RsultAnalysis@GetCarInfo_pt:异常获取车辆信息
时间:2016/5/11 9:16:27,事件:卡号取车辆信息失败:异常获取车辆信息
时间:2016/5/11 9:16:27,事件:卡号取车辆信息失败:异常获取车辆信息,弹卡指令失败:1号收发卡器:收卡机出错
时间:2016/5/11 9:16:28,事件:卡号取车辆信息失败:异常获取车辆信息,弹卡指令失败:1号收发卡器:收卡机出错
时间:2016/5/11 9:16:29,事件:卡号取车辆信息失败:异常获取车辆信息,弹卡指令失败:1号收发卡器:收卡机出错
时间:2016/5/11 9:16:30,事件:卡号取车辆信息失败:异常获取车辆信息,弹卡指令失败:1号收发卡器:收卡机出错
时间:2016/5/11 9:16:31,事件:卡号取车辆信息失败:异常获取车辆信息,弹卡指令失败:1号收发卡器:收卡机出错
时间:2016/5/11 9:16:32,事件:RsultAnalysis@GetCarInfo_pt:异常获取车辆信息
时间:2016/5/11 9:16:32,事件:卡号取车辆信息失败:异常获取车辆信息
时间:2016/5/11 9:16:32,事件:卡号取车辆信息失败:异常获取车辆信息,弹卡指令失败:1号收发卡器:收卡机出错
时间:2016/5/11 9:16:33,事件:RsultAnalysis@GetCarInfo_pt:异常获取车辆信息
时间:2016/5/11 9:16:33,事件:卡号取车辆信息失败:异常获取车辆信息
时间:2016/5/11 9:16:33,事件:卡号取车辆信息失败:异常获取车辆信息,弹卡指令失败:1号收发卡器:收卡机出错
时间:2016/5/11 9:16:34,事件:卡号取车辆信息失败:异常获取车辆信息,弹卡指令失败:1号收发卡器:收卡机出错
时间:2016/5/11 9:16:35,事件:卡号取车辆信息失败:异常获取车辆信息,弹卡指令失败:1号收发卡器:收卡机出错
时间:2016/5/11 9:16:36,事件:卡号取车辆信息失败:异常获取车辆信息,弹卡指令失败:1号收发卡器:收卡机出错
时间:2016/5/11 9:16:37,事件:卡号取车辆信息失败:异常获取车辆信息,弹卡指令失败:1号收发卡器:收卡机出错
时间:2016/5/11 9:16:38,事件:卡号取车辆信息失败:异常获取车辆信息,弹卡指令失败:1号收发卡器:收卡机出错
时间:2016/5/11 9:16:39,事件:卡号取车辆信息失败:异常获取车辆信息,弹卡指令失败:1号收发卡器:收卡机出错
时间:2016/5/11 9:16:40,事件:RsultAnalysis@GetCarInfo_pt:异常获取车辆信息
时间:2016/5/11 9:16:40,事件:卡号取车辆信息失败:异常获取车辆信息
时间:2016/5/11 9:16:40,事件:卡号取车辆信息失败:异常获取车辆信息,弹卡指令失败:1号收发卡器:收卡机出错
时间:2016/5/11 9:16:41,事件:卡号取车辆信息失败:异常获取车辆信息,弹卡指令失败:1号收发卡器:收卡机出错
时间:2016/5/11 9:36:34,事件:RsultAnalysis@GetCarInfo_pt:异常获取车辆信息
时间:2016/5/11 9:36:34,事件:卡号取车辆信息失败:异常获取车辆信息
时间:2016/5/11 9:36:37,事件:卡号取车辆信息失败:异常获取车辆信息,弹卡指令失败:1号收发卡器:收卡机被禁止
时间:2016/5/11 9:36:39,事件:卡号取车辆信息失败:异常获取车辆信息,弹卡指令失败:1号收发卡器:收卡机出错
时间:2016/5/11 9:36:40,事件:卡号取车辆信息失败:异常获取车辆信息,弹卡指令失败:1号收发卡器:收卡机出错
时间:2016/5/11 9:36:41,事件:卡号取车辆信息失败:异常获取车辆信息,弹卡指令失败:1号收发卡器:收卡机出错
时间:2016/5/11 9:36:42,事件:卡号取车辆信息失败:异常获取车辆信息,弹卡指令失败:1号收发卡器:收卡机出错
时间:2016/5/11 9:36:43,事件:卡号取车辆信息失败:异常获取车辆信息,弹卡指令失败:1号收发卡器:收卡机出错
时间:2016/5/11 9:36:44,事件:卡号取车辆信息失败:异常获取车辆信息,弹卡指令失败:1号收发卡器:收卡机出错
时间:2016/5/11 9:36:45,事件:卡号取车辆信息失败:异常获取车辆信息,弹卡指令失败:1号收发卡器:收卡机出错
时间:2016/5/11 9:36:46,事件:卡号取车辆信息失败:异常获取车辆信息,弹卡指令失败:1号收发卡器:收卡机出错
时间:2016/5/11 9:36:47,事件:卡号取车辆信息失败:异常获取车辆信息,弹卡指令失败:1号收发卡器:收卡机出错
时间:2016/5/11 9:36:48,事件:RsultAnalysis@GetCarInfo_pt:异常获取车辆信息
时间:2016/5/11 9:36:48,事件:卡号取车辆信息失败:异常获取车辆信息
时间:2016/5/11 9:36:48,事件:卡号取车辆信息失败:异常获取车辆信息,弹卡指令失败:1号收发卡器:收卡机出错
时间:2016/5/11 9:42:57,事件:RsultAnalysis@GetCarInfo_pt:异常获取车辆信息
时间:2016/5/11 9:42:57,事件:卡号取车辆信息失败:异常获取车辆信息
时间:2016/5/11 9:43:00,事件:卡号取车辆信息失败:异常获取车辆信息,弹卡指令失败:1号收发卡器:收卡机被禁止
时间:2016/5/11 9:43:01,事件:卡号取车辆信息失败:异常获取车辆信息,弹卡指令失败:1号收发卡器:收卡机出错
时间:2016/5/11 9:43:02,事件:卡号取车辆信息失败:异常获取车辆信息,弹卡指令失败:1号收发卡器:收卡机出错
时间:2016/5/11 9:43:03,事件:卡号取车辆信息失败:异常获取车辆信息,弹卡指令失败:1号收发卡器:收卡机出错
时间:2016/5/11 9:43:04,事件:卡号取车辆信息失败:异常获取车辆信息,弹卡指令失败:1号收发卡器:收卡机出错
时间:2016/5/11 9:43:05,事件:卡号取车辆信息失败:异常获取车辆信息,弹卡指令失败:1号收发卡器:收卡机出错
时间:2016/5/11 9:43:06,事件:卡号取车辆信息失败:异常获取车辆信息,弹卡指令失败:1号收发卡器:收卡机出错
时间:2016/5/11 9:43:07,事件:卡号取车辆信息失败:异常获取车辆信息,弹卡指令失败:1号收发卡器:收卡机出错
时间:2016/5/11 9:43:08,事件:卡号取车辆信息失败:异常获取车辆信息,弹卡指令失败:1号收发卡器:收卡机出错
时间:2016/5/11 9:43:09,事件:卡号取车辆信息失败:异常获取车辆信息,弹卡指令失败:1号收发卡器:收卡机出错
时间:2016/5/11 9:43:10,事件:卡号取车辆信息失败:异常获取车辆信息,弹卡指令失败:1号收发卡器:收卡机出错
时间:2016/5/11 9:43:11,事件:卡号取车辆信息失败:异常获取车辆信息,弹卡指令失败:1号收发卡器:收卡机出错
时间:2016/5/11 9:43:12,事件:卡号取车辆信息失败:异常获取车辆信息,弹卡指令失败:1号收发卡器:收卡机出错
时间:2016/5/11 9:43:13,事件:RsultAnalysis@GetCarInfo_pt:异常获取车辆信息
时间:2016/5/11 9:43:13,事件:卡号取车辆信息失败:异常获取车辆信息
时间:2016/5/11 9:43:13,事件:卡号取车辆信息失败:异常获取车辆信息,弹卡指令失败:1号收发卡器:收卡机出错
时间:2016/5/11 9:43:14,事件:卡号取车辆信息失败:异常获取车辆信息,弹卡指令失败:1号收发卡器:收卡机出错
时间:2016/5/11 9:44:04,事件:RsultAnalysis@GetCarInfo_pt:异常获取车辆信息
时间:2016/5/11 9:44:04,事件:卡号取车辆信息失败:异常获取车辆信息
时间:2016/5/11 9:44:07,事件:卡号取车辆信息失败:异常获取车辆信息,弹卡指令失败:1号收发卡器:收卡机被禁止
时间:2016/5/11 9:44:08,事件:卡号取车辆信息失败:异常获取车辆信息,弹卡指令失败:1号收发卡器:收卡机出错
时间:2016/5/11 9:44:09,事件:卡号取车辆信息失败:异常获取车辆信息,弹卡指令失败:1号收发卡器:收卡机出错
时间:2016/5/11 9:44:10,事件:卡号取车辆信息失败:异常获取车辆信息,弹卡指令失败:1号收发卡器:收卡机出错
时间:2016/5/11 9:44:11,事件:卡号取车辆信息失败:异常获取车辆信息,弹卡指令失败:1号收发卡器:收卡机出错
时间:2016/5/11 9:44:12,事件:卡号取车辆信息失败:异常获取车辆信息,弹卡指令失败:1号收发卡器:收卡机出错
时间:2016/5/11 9:44:13,事件:卡号取车辆信息失败:异常获取车辆信息,弹卡指令失败:1号收发卡器:收卡机出错
时间:2016/5/11 9:44:14,事件:卡号取车辆信息失败:异常获取车辆信息,弹卡指令失败:1号收发卡器:收卡机出错
时间:2016/5/11 9:44:15,事件:卡号取车辆信息失败:异常获取车辆信息,弹卡指令失败:1号收发卡器:收卡机出错
时间:2016/5/11 9:44:16,事件:卡号取车辆信息失败:异常获取车辆信息,弹卡指令失败:1号收发卡器:收卡机出错
时间:2016/5/11 9:44:17,事件:卡号取车辆信息失败:异常获取车辆信息,弹卡指令失败:1号收发卡器:收卡机出错
时间:2016/5/11 9:44:18,事件:卡号取车辆信息失败:异常获取车辆信息,弹卡指令失败:1号收发卡器:收卡机出错
时间:2016/5/11 9:44:19,事件:卡号取车辆信息失败:异常获取车辆信息,弹卡指令失败:1号收发卡器:收卡机出错
时间:2016/5/11 9:44:20,事件:卡号取车辆信息失败:异常获取车辆信息,弹卡指令失败:1号收发卡器:收卡机出错
时间:2016/5/11 9:44:21,事件:卡号取车辆信息失败:异常获取车辆信息,弹卡指令失败:1号收发卡器:收卡机出错
时间:2016/5/11 9:44:22,事件:卡号取车辆信息失败:异常获取车辆信息,弹卡指令失败:1号收发卡器:收卡机出错
时间:2016/5/11 9:48:13,事件:收卡到票箱失败：1号收发卡器:收卡机被禁止
时间:2016/5/11 9:52:09,事件:收卡到票箱失败：1号收发卡器:收卡机被禁止
时间:2016/5/11 10:14:28,事件:RsultAnalysis@GetCarInfo_pt:异常获取车辆信息
时间:2016/5/11 10:14:32,事件:卡号取车辆信息失败:异常获取车辆信息
时间:2016/5/11 10:15:07,事件:卡号取车辆信息失败:异常获取车辆信息,弹卡指令失败:1号收发卡器:收卡机被禁止
时间:2016/5/11 10:16:19,事件:RsultAnalysis@GetCarInfo_pt:异常获取车辆信息
时间:2016/5/11 10:16:19,事件:卡号取车辆信息失败:异常获取车辆信息
时间:2016/5/11 10:16:52,事件:卡号取车辆信息失败:异常获取车辆信息,弹卡指令失败:1号收发卡器:收卡机被禁止
时间:2016/5/11 10:21:10,事件:RsultAnalysis@GetCarInfo_pt:异常获取车辆信息
时间:2016/5/11 10:21:10,事件:卡号取车辆信息失败:异常获取车辆信息
时间:2016/5/11 11:36:31,事件:RsultAnalysis@GetCarInfo_pt:异常获取车辆信息
时间:2016/5/11 11:36:31,事件:卡号取车辆信息失败:异常获取车辆信息
时间:2016/5/11 11:36:40,事件:RsultAnalysis@GetCarInfo_pt:异常获取车辆信息
时间:2016/5/11 11:36:40,事件:卡号取车辆信息失败:异常获取车辆信息
时间:2016/5/11 11:56:46,事件:RsultAnalysis@GetCarInfo_pt:异常获取车辆信息
时间:2016/5/11 11:56:46,事件:卡号取车辆信息失败:异常获取车辆信息
时间:2016/5/11 11:59:06,事件:RsultAnalysis@GetCarInfo_pt:异常获取车辆信息
时间:2016/5/11 11:59:06,事件:卡号取车辆信息失败:异常获取车辆信息
时间:2016/5/11 12:00:15,事件:RsultAnalysis@GetCarInfo_pt:异常获取车辆信息
时间:2016/5/11 12:00:15,事件:卡号取车辆信息失败:异常获取车辆信息
时间:2016/5/11 12:02:08,事件:RsultAnalysis@GetCarInfo_pt:异常获取车辆信息
时间:2016/5/11 12:02:08,事件:卡号取车辆信息失败:异常获取车辆信息
时间:2016/5/11 12:02:45,事件:卡号取车辆信息失败:异常获取车辆信息,请取卡
时间:2016/5/11 12:03:02,事件:RsultAnalysis@GetCarInfo_pt:异常获取车辆信息
时间:2016/5/11 12:03:02,事件:卡号取车辆信息失败:异常获取车辆信息
时间:2016/5/11 12:25:00,事件:RsultAnalysis@GetCarInfo_pt:异常获取车辆信息
时间:2016/5/11 12:25:00,事件:卡号取车辆信息失败:异常获取车辆信息
时间:2016/5/11 12:25:09,事件:卡号取车辆信息失败:异常获取车辆信息,请取卡
时间:2016/5/11 12:25:13,事件:RsultAnalysis@GetCarInfo_pt:异常获取车辆信息
时间:2016/5/11 12:25:13,事件:卡号取车辆信息失败:异常获取车辆信息
时间:2016/5/11 12:25:22,事件:卡号取车辆信息失败:异常获取车辆信息,请取卡
时间:2016/5/11 12:25:25,事件:RsultAnalysis@GetCarInfo_pt:异常获取车辆信息
时间:2016/5/11 12:25:25,事件:卡号取车辆信息失败:异常获取车辆信息
时间:2016/5/11 15:12:56,事件:RsultAnalysis@GetCarInfo_pt:异常获取车辆信息
时间:2016/5/11 15:12:56,事件:卡号取车辆信息失败:异常获取车辆信息
时间:2016/5/11 15:13:18,事件:卡号取车辆信息失败:异常获取车辆信息,请取卡
时间:2016/5/11 15:13:25,事件:RsultAnalysis@GetCarInfo_pt:异常获取车辆信息
时间:2016/5/11 15:13:28,事件:卡号取车辆信息失败:异常获取车辆信息
时间:2016/5/11 15:13:33,事件:卡号取车辆信息失败:异常获取车辆信息,请取卡
时间:2016/5/11 15:14:35,事件:RsultAnalysis@GetCarInfo_pt:异常获取车辆信息
时间:2016/5/11 15:14:35,事件:卡号取车辆信息失败:异常获取车辆信息
时间:2016/5/11 15:14:49,事件:卡号取车辆信息失败:异常获取车辆信息,请取卡
时间:2016/5/11 15:24:48,事件:RsultAnalysis@GetCarInfo_pt:异常获取车辆信息
时间:2016/5/11 15:24:48,事件:卡号取车辆信息失败:异常获取车辆信息
时间:2016/5/11 15:24:55,事件:卡号取车辆信息失败:异常获取车辆信息,请取卡
时间:2016/5/11 15:26:48,事件:RsultAnalysis@GetCarInfo_pt:异常获取车辆信息
时间:2016/5/11 15:26:48,事件:卡号取车辆信息失败:异常获取车辆信息
时间:2016/5/11 15:26:51,事件:卡号取车辆信息失败:异常获取车辆信息,请取卡
时间:2016/5/11 15:27:14,事件:RsultAnalysis@GetCarInfo_pt:异常获取车辆信息
时间:2016/5/11 15:27:14,事件:卡号取车辆信息失败:异常获取车辆信息
时间:2016/5/11 15:27:17,事件:卡号取车辆信息失败:异常获取车辆信息,请取卡
时间:2016/5/11 15:27:45,事件:RsultAnalysis@GetCarInfo_pt:异常获取车辆信息
时间:2016/5/11 15:27:45,事件:卡号取车辆信息失败:异常获取车辆信息
时间:2016/5/11 15:27:49,事件:卡号取车辆信息失败:异常获取车辆信息,请取卡
