时间:2016/5/8 21:15:55,事件:启动日志:
2016/5/8 21:15:55L
    正在初始化服务......
2016/5/8 21:15:55
    服务打开成功
2016/5/8 21:15:55
    地磅仪表未启用......
2016/5/8 21:15:55
    车号识别器(1)未启用......
2016/5/8 21:15:55
    车号识别器(2)未启用......
2016/5/8 21:15:55
    车号识别器(3)未启用......
2016/5/8 21:15:55
    车号识别器(4)未启用......
2016/5/8 21:15:55
    LED屏连接失败(1):1号Led屏停用
2016/5/8 21:15:55
    LED屏连接失败(2):2号Led屏停用
时间:2016/5/8 21:16:36,事件:启动日志:
2016/5/8 21:16:36L
    正在初始化服务......
2016/5/8 21:16:36
    服务打开成功
2016/5/8 21:16:36
    地磅仪表未启用......
2016/5/8 21:16:36
    车号识别器(1)未启用......
2016/5/8 21:16:36
    车号识别器(2)未启用......
2016/5/8 21:16:36
    车号识别器(3)未启用......
2016/5/8 21:16:36
    车号识别器(4)未启用......
2016/5/8 21:16:36
    LED屏连接失败(1):1号Led屏停用
2016/5/8 21:16:36
    LED屏连接失败(2):2号Led屏停用
时间:2016/5/8 21:26:04,事件:启动日志:
2016/5/8 21:26:04
    正在启动停车管理系统......
2016/5/8 21:26:04L
    正在初始化服务......
2016/5/8 21:26:04
    服务打开成功
2016/5/8 21:26:04
    地磅仪表未启用......
2016/5/8 21:26:04
    车号识别器(1)未启用......
2016/5/8 21:26:04
    车号识别器(2)未启用......
2016/5/8 21:26:04
    正在连接读写器(3)......
2016/5/8 21:26:04
    读写器连接成功(3)......
2016/5/8 21:26:04
    车号识别器(4)未启用......
2016/5/8 21:26:04
    LED屏连接失败(1):1号Led屏停用
2016/5/8 21:26:04
    LED屏连接失败(2):2号Led屏停用
时间:2016/5/8 21:27:04,事件:蒙B43300^验证成功,请去往19号停车位
