时间:2016/5/20 9:57:13,事件:启动日志:
2016/5/20 9:57:12L
    正在初始化服务......
2016/5/20 9:57:12
    服务打开成功
2016/5/20 9:57:12L
    正在连接开元采样机中间库......
2016/5/20 9:57:13
    开元采样机中间库连接成功
2016/5/20 9:57:13L
    正在连接开元制样机中间库......
2016/5/20 9:57:13
    开元制样机中间库连接成功
2016/5/20 9:57:13
    地磅仪表未启用......
2016/5/20 9:57:13
    车号识别器(1)未启用......
2016/5/20 9:57:13
    车号识别器(2)未启用......
2016/5/20 9:57:13
    车号识别器(3)未启用......
2016/5/20 9:57:13
    车号识别器(4)未启用......
2016/5/20 9:57:13
    LED屏连接失败(1):1号Led屏停用
2016/5/20 9:57:13
    LED屏连接失败(2):2号Led屏停用
时间:2016/5/20 9:57:56,事件:启动日志:
2016/5/20 9:57:55L
    正在初始化服务......
2016/5/20 9:57:55
    服务打开成功
2016/5/20 9:57:55L
    正在连接开元采样机中间库......
2016/5/20 9:57:56
    开元采样机中间库连接成功
2016/5/20 9:57:56L
    正在连接开元制样机中间库......
2016/5/20 9:57:56
    开元制样机中间库连接成功
2016/5/20 9:57:56
    地磅仪表未启用......
2016/5/20 9:57:56
    车号识别器(1)未启用......
2016/5/20 9:57:56
    车号识别器(2)未启用......
2016/5/20 9:57:56
    车号识别器(3)未启用......
2016/5/20 9:57:56
    车号识别器(4)未启用......
2016/5/20 9:57:56
    LED屏连接失败(1):1号Led屏停用
2016/5/20 9:57:56
    LED屏连接失败(2):2号Led屏停用
时间:2016/5/20 10:03:34,事件:SamUnloadProc:等待进入卸料状态,采样机状态:待机可卸
时间:2016/5/20 10:03:39,事件:SamUnloadProc:等待进入卸料状态,采样机状态:待机可卸
时间:2016/5/20 10:03:44,事件:SamUnloadProc:等待进入卸料状态,采样机状态:待机可卸
时间:2016/5/20 10:03:49,事件:SamUnloadProc:等待进入卸料状态,采样机状态:待机可卸
时间:2016/5/20 10:03:54,事件:SamUnloadProc:等待进入卸料状态,采样机状态:待机可卸
时间:2016/5/20 10:03:59,事件:SamUnloadProc:等待进入卸料状态,采样机状态:待机可卸
时间:2016/5/20 10:04:04,事件:SamUnloadProc:等待进入卸料状态,采样机状态:待机可卸
时间:2016/5/20 10:04:09,事件:SamUnloadProc:等待进入卸料状态,采样机状态:待机可卸
时间:2016/5/20 10:04:14,事件:SamUnloadProc:等待进入卸料状态,采样机状态:待机可卸
时间:2016/5/20 10:04:19,事件:SamUnloadProc:等待进入卸料状态,采样机状态:待机可卸
时间:2016/5/20 10:04:24,事件:SamUnloadProc:等待进入卸料状态,采样机状态:待机可卸
时间:2016/5/20 10:04:29,事件:SamUnloadProc:等待进入卸料状态,采样机状态:待机可卸
时间:2016/5/20 10:04:34,事件:SamUnloadProc:等待进入卸料状态,采样机状态:待机可卸
时间:2016/5/20 10:05:35,事件:启动日志:
2016/5/20 10:05:34L
    正在初始化服务......
2016/5/20 10:05:34
    服务打开成功
2016/5/20 10:05:34L
    正在连接开元采样机中间库......
2016/5/20 10:05:35
    开元采样机中间库连接成功
2016/5/20 10:05:35L
    正在连接开元制样机中间库......
2016/5/20 10:05:35
    开元制样机中间库连接成功
2016/5/20 10:05:35
    地磅仪表未启用......
2016/5/20 10:05:35
    车号识别器(1)未启用......
2016/5/20 10:05:35
    车号识别器(2)未启用......
2016/5/20 10:05:35
    车号识别器(3)未启用......
2016/5/20 10:05:35
    车号识别器(4)未启用......
2016/5/20 10:05:35
    LED屏连接失败(1):1号Led屏停用
2016/5/20 10:05:35
    LED屏连接失败(2):2号Led屏停用
时间:2016/5/20 10:07:08,事件:SamUnloadProc:等待进入卸料状态,采样机状态:待机可卸
时间:2016/5/20 10:07:45,事件:SamUnloadProc:等待进入卸料状态,采样机状态:待机可卸
时间:2016/5/20 10:07:55,事件:SamUnloadProc:等待进入卸料状态,采样机状态:待机可卸
时间:2016/5/20 10:38:03,事件:启动日志:
2016/5/20 10:38:02L
    正在初始化服务......
2016/5/20 10:38:02
    服务打开成功
2016/5/20 10:38:02L
    正在连接开元采样机中间库......
2016/5/20 10:38:03
    开元采样机中间库连接成功
2016/5/20 10:38:03L
    正在连接开元制样机中间库......
2016/5/20 10:38:03
    开元制样机中间库连接成功
2016/5/20 10:38:03
    地磅仪表未启用......
2016/5/20 10:38:03
    车号识别器(1)未启用......
2016/5/20 10:38:03
    车号识别器(2)未启用......
2016/5/20 10:38:03
    车号识别器(3)未启用......
2016/5/20 10:38:03
    车号识别器(4)未启用......
2016/5/20 10:38:03
    LED屏连接失败(1):1号Led屏停用
2016/5/20 10:38:03
    LED屏连接失败(2):2号Led屏停用
时间:2016/5/20 11:13:39,事件:启动日志:
2016/5/20 11:13:38L
    正在初始化服务......
2016/5/20 11:13:38
    服务打开成功
2016/5/20 11:13:38L
    正在连接开元采样机中间库......
2016/5/20 11:13:38
    开元采样机中间库连接成功
2016/5/20 11:13:39L
    正在连接开元制样机中间库......
2016/5/20 11:13:39
    开元制样机中间库连接成功
2016/5/20 11:13:39
    地磅仪表未启用......
2016/5/20 11:13:39
    车号识别器(1)未启用......
2016/5/20 11:13:39
    车号识别器(2)未启用......
2016/5/20 11:13:39
    车号识别器(3)未启用......
2016/5/20 11:13:39
    车号识别器(4)未启用......
2016/5/20 11:13:39
    LED屏连接失败(1):1号Led屏停用
2016/5/20 11:13:39
    LED屏连接失败(2):2号Led屏停用
时间:2016/5/20 11:46:40,事件:启动日志:
2016/5/20 11:46:39L
    正在初始化服务......
2016/5/20 11:46:39
    服务打开成功
2016/5/20 11:46:39L
    正在连接开元采样机中间库......
2016/5/20 11:46:40
    开元采样机中间库连接成功
2016/5/20 11:46:40L
    正在连接开元制样机中间库......
2016/5/20 11:46:40
    开元制样机中间库连接成功
2016/5/20 11:46:40
    地磅仪表未启用......
2016/5/20 11:46:40
    车号识别器(1)未启用......
2016/5/20 11:46:40
    车号识别器(2)未启用......
2016/5/20 11:46:40
    车号识别器(3)未启用......
2016/5/20 11:46:40
    车号识别器(4)未启用......
2016/5/20 11:46:40
    LED屏连接失败(1):1号Led屏停用
2016/5/20 11:46:40
    LED屏连接失败(2):2号Led屏停用
时间:2016/5/20 11:51:49,事件:启动日志:
2016/5/20 11:51:49L
    正在初始化服务......
2016/5/20 11:51:49
    服务打开成功
2016/5/20 11:51:49L
    正在连接开元采样机中间库......
2016/5/20 11:51:49
    开元采样机中间库连接成功
2016/5/20 11:51:49L
    正在连接开元制样机中间库......
2016/5/20 11:51:49
    开元制样机中间库连接成功
2016/5/20 11:51:49
    地磅仪表未启用......
2016/5/20 11:51:49
    车号识别器(1)未启用......
2016/5/20 11:51:49
    车号识别器(2)未启用......
2016/5/20 11:51:49
    车号识别器(3)未启用......
2016/5/20 11:51:49
    车号识别器(4)未启用......
2016/5/20 11:51:49
    LED屏连接失败(1):1号Led屏停用
2016/5/20 11:51:49
    LED屏连接失败(2):2号Led屏停用
时间:2016/5/20 11:53:59,事件:SamUnloadProc:等待进入卸料状态,采样机状态:正在制样
时间:2016/5/20 11:55:07,事件:SamUnloadProc:等待进入卸料状态,采样机状态:正在制样
时间:2016/5/20 12:05:01,事件:启动日志:
2016/5/20 12:05:01L
    正在初始化服务......
2016/5/20 12:05:01
    服务打开成功
2016/5/20 12:05:01L
    正在连接开元采样机中间库......
2016/5/20 12:05:01
    开元采样机中间库连接成功
2016/5/20 12:05:01L
    正在连接开元制样机中间库......
2016/5/20 12:05:01
    开元制样机中间库连接成功
2016/5/20 12:05:01
    地磅仪表未启用......
2016/5/20 12:05:01
    车号识别器(1)未启用......
2016/5/20 12:05:01
    车号识别器(2)未启用......
2016/5/20 12:05:01
    车号识别器(3)未启用......
2016/5/20 12:05:01
    车号识别器(4)未启用......
2016/5/20 12:05:01
    LED屏连接失败(1):1号Led屏停用
2016/5/20 12:05:01
    LED屏连接失败(2):2号Led屏停用
时间:2016/5/20 12:05:49,事件:SamUnloadProc:等待进入卸料状态,采样机状态:正在制样
时间:2016/5/20 12:05:57,事件:SamUnloadProc:采样机进入卸料状态
时间:2016/5/20 12:07:06,事件:SamUnloadProc:采样机卸料完成
时间:2016/5/20 12:08:51,事件:启动日志:
2016/5/20 12:08:51L
    正在初始化服务......
2016/5/20 12:08:51
    服务打开成功
2016/5/20 12:08:51L
    正在连接开元采样机中间库......
2016/5/20 12:08:51
    开元采样机中间库连接成功
2016/5/20 12:08:51L
    正在连接开元制样机中间库......
2016/5/20 12:08:51
    开元制样机中间库连接成功
2016/5/20 12:08:51
    地磅仪表未启用......
2016/5/20 12:08:51
    车号识别器(1)未启用......
2016/5/20 12:08:51
    车号识别器(2)未启用......
2016/5/20 12:08:51
    车号识别器(3)未启用......
2016/5/20 12:08:51
    车号识别器(4)未启用......
2016/5/20 12:08:51
    LED屏连接失败(1):1号Led屏停用
2016/5/20 12:08:51
    LED屏连接失败(2):2号Led屏停用
时间:2016/5/20 12:09:20,事件:SamUnloadProc:等待进入卸料状态,采样机状态:正在采样
时间:2016/5/20 12:09:29,事件:SamUnloadProc:等待进入卸料状态,采样机状态:正在制样
时间:2016/5/20 12:09:35,事件:SamUnloadProc:采样机进入卸料状态
时间:2016/5/20 12:10:52,事件:SamUnloadProc:采样机卸料完成
时间:2016/5/20 12:11:39,事件:SamUnloadProc:等待制样机完成制样
时间:2016/5/20 12:27:26,事件:SamUnloadProc:制样机制样完成
时间:2016/5/20 14:39:15,事件:启动日志:
2016/5/20 14:39:14L
    正在初始化服务......
2016/5/20 14:39:14
    服务打开成功
2016/5/20 14:39:14L
    正在连接开元采样机中间库......
2016/5/20 14:39:15
    开元采样机中间库连接成功
2016/5/20 14:39:15L
    正在连接开元制样机中间库......
2016/5/20 14:39:15
    开元制样机中间库连接成功
2016/5/20 14:39:15
    地磅仪表未启用......
2016/5/20 14:39:15
    车号识别器(1)未启用......
2016/5/20 14:39:15
    车号识别器(2)未启用......
2016/5/20 14:39:15
    车号识别器(3)未启用......
2016/5/20 14:39:15
    车号识别器(4)未启用......
2016/5/20 14:39:15
    LED屏连接失败(1):1号Led屏停用
2016/5/20 14:39:15
    LED屏连接失败(2):2号Led屏停用
时间:2016/5/20 15:48:05,事件:启动日志:
2016/5/20 15:47:57L
    正在初始化服务......
2016/5/20 15:47:57
    服务打开成功
2016/5/20 15:47:57L
    正在连接开元采样机中间库......
2016/5/20 15:47:58
    开元采样机中间库连接成功
2016/5/20 15:47:58L
    正在连接开元制样机中间库......
2016/5/20 15:47:58
    开元制样机中间库连接成功
2016/5/20 15:47:58
    地磅仪表未启用......
2016/5/20 15:47:58
    车号识别器(1)未启用......
2016/5/20 15:47:58
    车号识别器(2)未启用......
2016/5/20 15:47:58
    车号识别器(3)未启用......
2016/5/20 15:47:58
    车号识别器(4)未启用......
2016/5/20 15:47:58
    正在连接LED屏(1)......
2016/5/20 15:48:05
    LED屏连接失败(1):1号LED屏打开失败:EQ2013显示屏打开失败
2016/5/20 15:48:05
    LED屏连接失败(2):2号Led屏停用
时间:2016/5/20 15:52:20,事件:启动日志:
2016/5/20 15:52:13L
    正在初始化服务......
2016/5/20 15:52:13
    服务打开成功
2016/5/20 15:52:13L
    正在连接开元采样机中间库......
2016/5/20 15:52:13
    开元采样机中间库连接成功
2016/5/20 15:52:13L
    正在连接开元制样机中间库......
2016/5/20 15:52:13
    开元制样机中间库连接成功
2016/5/20 15:52:13
    地磅仪表未启用......
2016/5/20 15:52:13
    车号识别器(1)未启用......
2016/5/20 15:52:13
    车号识别器(2)未启用......
2016/5/20 15:52:13
    车号识别器(3)未启用......
2016/5/20 15:52:13
    车号识别器(4)未启用......
2016/5/20 15:52:13
    正在连接LED屏(1)......
2016/5/20 15:52:20
    LED屏连接失败(1):1号LED屏打开失败:EQ2013显示屏打开失败
2016/5/20 15:52:20
    LED屏连接失败(2):2号Led屏停用
时间:2016/5/20 16:06:43,事件:启动日志:
2016/5/20 16:06:41L
    正在初始化服务......
2016/5/20 16:06:41
    服务打开成功
2016/5/20 16:06:41L
    正在连接开元采样机中间库......
2016/5/20 16:06:42
    开元采样机中间库连接成功
2016/5/20 16:06:42L
    正在连接开元制样机中间库......
2016/5/20 16:06:42
    开元制样机中间库连接成功
2016/5/20 16:06:42
    地磅仪表未启用......
2016/5/20 16:06:42
    车号识别器(1)未启用......
2016/5/20 16:06:42
    车号识别器(2)未启用......
2016/5/20 16:06:42
    车号识别器(3)未启用......
2016/5/20 16:06:42
    车号识别器(4)未启用......
2016/5/20 16:06:42
    正在连接LED屏(1)......
2016/5/20 16:06:43
    LED屏连接成功(1)......
2016/5/20 16:06:43
    LED屏连接失败(2):2号Led屏停用
时间:2016/5/20 16:12:02,事件:启动日志:
2016/5/20 16:12:01L
    正在初始化服务......
2016/5/20 16:12:01
    服务打开成功
2016/5/20 16:12:01L
    正在连接开元采样机中间库......
2016/5/20 16:12:01
    开元采样机中间库连接成功
2016/5/20 16:12:01L
    正在连接开元制样机中间库......
2016/5/20 16:12:01
    开元制样机中间库连接成功
2016/5/20 16:12:01
    地磅仪表未启用......
2016/5/20 16:12:01
    车号识别器(1)未启用......
2016/5/20 16:12:01
    车号识别器(2)未启用......
2016/5/20 16:12:01
    车号识别器(3)未启用......
2016/5/20 16:12:01
    车号识别器(4)未启用......
2016/5/20 16:12:01
    正在连接LED屏(1)......
2016/5/20 16:12:02
    LED屏连接成功(1)......
2016/5/20 16:12:02
    LED屏连接失败(2):2号Led屏停用
时间:2016/5/20 16:15:05,事件:启动日志:
2016/5/20 16:15:03L
    正在初始化服务......
2016/5/20 16:15:03
    服务打开成功
2016/5/20 16:15:03L
    正在连接开元采样机中间库......
2016/5/20 16:15:04
    开元采样机中间库连接成功
2016/5/20 16:15:04L
    正在连接开元制样机中间库......
2016/5/20 16:15:04
    开元制样机中间库连接成功
2016/5/20 16:15:04
    地磅仪表未启用......
2016/5/20 16:15:04
    车号识别器(1)未启用......
2016/5/20 16:15:04
    车号识别器(2)未启用......
2016/5/20 16:15:04
    车号识别器(3)未启用......
2016/5/20 16:15:04
    车号识别器(4)未启用......
2016/5/20 16:15:04
    正在连接LED屏(1)......
2016/5/20 16:15:05
    LED屏连接成功(1)......
2016/5/20 16:15:05
    LED屏连接失败(2):2号Led屏停用
时间:2016/5/20 16:19:55,事件:启动日志:
2016/5/20 16:19:53L
    正在初始化服务......
2016/5/20 16:19:53
    服务打开成功
2016/5/20 16:19:53L
    正在连接开元采样机中间库......
2016/5/20 16:19:53
    开元采样机中间库连接成功
2016/5/20 16:19:53L
    正在连接开元制样机中间库......
2016/5/20 16:19:54
    开元制样机中间库连接成功
2016/5/20 16:19:54
    地磅仪表未启用......
2016/5/20 16:19:54
    车号识别器(1)未启用......
2016/5/20 16:19:54
    车号识别器(2)未启用......
2016/5/20 16:19:54
    车号识别器(3)未启用......
2016/5/20 16:19:54
    车号识别器(4)未启用......
2016/5/20 16:19:54
    正在连接LED屏(1)......
2016/5/20 16:19:55
    LED屏连接成功(1)......
2016/5/20 16:19:55
    LED屏连接失败(2):2号Led屏停用
时间:2016/5/20 16:23:06,事件:启动日志:
2016/5/20 16:23:03L
    正在初始化服务......
2016/5/20 16:23:04
    服务打开成功
2016/5/20 16:23:04L
    正在连接开元采样机中间库......
2016/5/20 16:23:05
    开元采样机中间库连接成功
2016/5/20 16:23:05L
    正在连接开元制样机中间库......
2016/5/20 16:23:05
    开元制样机中间库连接成功
2016/5/20 16:23:05
    地磅仪表未启用......
2016/5/20 16:23:05
    车号识别器(1)未启用......
2016/5/20 16:23:05
    车号识别器(2)未启用......
2016/5/20 16:23:05
    车号识别器(3)未启用......
2016/5/20 16:23:05
    车号识别器(4)未启用......
2016/5/20 16:23:05
    正在连接LED屏(1)......
2016/5/20 16:23:06
    LED屏连接成功(1)......
2016/5/20 16:23:06
    LED屏连接失败(2):2号Led屏停用
时间:2016/5/20 16:51:23,事件:启动日志:
2016/5/20 16:51:20L
    正在初始化服务......
2016/5/20 16:51:21
    服务打开成功
2016/5/20 16:51:21L
    正在连接开元采样机中间库......
2016/5/20 16:51:22
    开元采样机中间库连接成功
2016/5/20 16:51:22L
    正在连接开元制样机中间库......
2016/5/20 16:51:22
    开元制样机中间库连接成功
2016/5/20 16:51:22
    地磅仪表未启用......
2016/5/20 16:51:22
    车号识别器(1)未启用......
2016/5/20 16:51:22
    车号识别器(2)未启用......
2016/5/20 16:51:22
    车号识别器(3)未启用......
2016/5/20 16:51:22
    车号识别器(4)未启用......
2016/5/20 16:51:22
    正在连接LED屏(1)......
2016/5/20 16:51:23
    LED屏连接成功(1)......
2016/5/20 16:51:23
    LED屏连接失败(2):2号Led屏停用
时间:2016/5/20 16:53:24,事件:启动日志:
2016/5/20 16:53:21L
    正在初始化服务......
2016/5/20 16:53:21
    服务打开成功
2016/5/20 16:53:21L
    正在连接开元采样机中间库......
2016/5/20 16:53:22
    开元采样机中间库连接成功
2016/5/20 16:53:22L
    正在连接开元制样机中间库......
2016/5/20 16:53:22
    开元制样机中间库连接成功
2016/5/20 16:53:22
    地磅仪表未启用......
2016/5/20 16:53:22
    车号识别器(1)未启用......
2016/5/20 16:53:22
    车号识别器(2)未启用......
2016/5/20 16:53:22
    车号识别器(3)未启用......
2016/5/20 16:53:22
    车号识别器(4)未启用......
2016/5/20 16:53:22
    正在连接LED屏(1)......
2016/5/20 16:53:24
    LED屏连接成功(1)......
2016/5/20 16:53:24
    LED屏连接失败(2):2号Led屏停用
