时间:2016/5/9 21:44:32,事件:启动日志:
2016/5/9 21:44:31L
    正在初始化服务......
2016/5/9 21:44:31
    服务打开成功
2016/5/9 21:44:31
    地磅仪表未启用......
2016/5/9 21:44:31
    车号识别器(1)未启用......
2016/5/9 21:44:31
    车号识别器(2)未启用......
2016/5/9 21:44:31
    正在连接读写器(3)......
2016/5/9 21:44:32
    读写器连接成功(3)......
2016/5/9 21:44:32
    车号识别器(4)未启用......
2016/5/9 21:44:32
    LED屏连接失败(1):1号Led屏停用
2016/5/9 21:44:32
    LED屏连接失败(2):2号Led屏停用
时间:2016/5/9 21:45:34,事件:启动日志:
2016/5/9 21:45:34L
    正在初始化服务......
2016/5/9 21:45:34
    服务打开成功
2016/5/9 21:45:34
    地磅仪表未启用......
2016/5/9 21:45:34
    车号识别器(1)未启用......
2016/5/9 21:45:34
    车号识别器(2)未启用......
2016/5/9 21:45:34
    正在连接读写器(3)......
2016/5/9 21:45:34
    读写器连接成功(3)......
2016/5/9 21:45:34
    车号识别器(4)未启用......
2016/5/9 21:45:34
    LED屏连接失败(1):1号Led屏停用
2016/5/9 21:45:34
    LED屏连接失败(2):2号Led屏停用
时间:2016/5/9 22:22:36,事件:启动日志:
2016/5/9 22:22:35L
    正在初始化服务......
2016/5/9 22:22:36
    服务打开成功
2016/5/9 22:22:36
    地磅仪表未启用......
2016/5/9 22:22:36
    车号识别器(1)未启用......
2016/5/9 22:22:36
    车号识别器(2)未启用......
2016/5/9 22:22:36
    正在连接读写器(3)......
2016/5/9 22:22:36
    读写器连接成功(3)......
2016/5/9 22:22:36
    车号识别器(4)未启用......
2016/5/9 22:22:36
    LED屏连接失败(1):1号Led屏停用
2016/5/9 22:22:36
    LED屏连接失败(2):2号Led屏停用
