时间:2016/5/13 9:11:31,事件:Windws服务已停止!
时间:2016/5/13 9:13:12,事件:WebService启动成功!
时间:2016/5/13 9:47:54,事件:Windws服务已停止!
时间:2016/5/13 15:25:02,事件:启动日志:
2016/5/13 15:24:51
    正在启动煤管理系统......
2016/5/13 15:24:51L
    正在初始化服务......
2016/5/13 15:24:51
    服务打开成功
2016/5/13 15:24:51L
    正在连接开元采样机中间库......
2016/5/13 15:25:01
    开元采样机中间库连接成功
2016/5/13 15:25:01L
    正在连接开元制样机中间库......
2016/5/13 15:25:02
    开元制样机中间库连接成功
2016/5/13 15:25:02
    地磅仪表未启用......
2016/5/13 15:25:02
    车号识别器(1)未启用......
2016/5/13 15:25:02
    车号识别器(2)未启用......
2016/5/13 15:25:02
    车号识别器(3)未启用......
2016/5/13 15:25:02
    车号识别器(4)未启用......
2016/5/13 15:25:02
    LED屏连接失败(1):1号Led屏停用
2016/5/13 15:25:02
    LED屏连接失败(2):2号Led屏停用
时间:2016/5/13 15:27:00,事件:启动日志:
2016/5/13 15:27:00
    正在启动煤管理系统......
2016/5/13 15:27:00L
    正在初始化服务......
2016/5/13 15:27:00
    服务打开成功
2016/5/13 15:27:00L
    正在连接开元采样机中间库......
2016/5/13 15:27:00
    开元采样机中间库连接成功
2016/5/13 15:27:00L
    正在连接开元制样机中间库......
2016/5/13 15:27:00
    开元制样机中间库连接成功
2016/5/13 15:27:00
    地磅仪表未启用......
2016/5/13 15:27:00
    车号识别器(1)未启用......
2016/5/13 15:27:00
    车号识别器(2)未启用......
2016/5/13 15:27:00
    车号识别器(3)未启用......
2016/5/13 15:27:00
    车号识别器(4)未启用......
2016/5/13 15:27:00
    LED屏连接失败(1):1号Led屏停用
2016/5/13 15:27:00
    LED屏连接失败(2):2号Led屏停用
时间:2016/5/13 15:46:03,事件:启动日志:
2016/5/13 15:46:03
    正在启动煤管理系统......
2016/5/13 15:46:03L
    正在初始化服务......
2016/5/13 15:46:03
    服务打开成功
2016/5/13 15:46:03L
    正在连接开元采样机中间库......
2016/5/13 15:46:03
    开元采样机中间库连接成功
2016/5/13 15:46:03L
    正在连接开元制样机中间库......
2016/5/13 15:46:03
    开元制样机中间库连接成功
2016/5/13 15:46:03
    地磅仪表未启用......
2016/5/13 15:46:03
    车号识别器(1)未启用......
2016/5/13 15:46:03
    车号识别器(2)未启用......
2016/5/13 15:46:03
    车号识别器(3)未启用......
2016/5/13 15:46:03
    车号识别器(4)未启用......
2016/5/13 15:46:03
    LED屏连接失败(1):1号Led屏停用
2016/5/13 15:46:03
    LED屏连接失败(2):2号Led屏停用
时间:2016/5/13 15:49:19,事件:启动日志:
2016/5/13 15:49:18
    正在启动煤管理系统......
2016/5/13 15:49:18L
    正在初始化服务......
2016/5/13 15:49:18
    服务打开成功
2016/5/13 15:49:18L
    正在连接开元采样机中间库......
2016/5/13 15:49:19
    开元采样机中间库连接成功
2016/5/13 15:49:19L
    正在连接开元制样机中间库......
2016/5/13 15:49:19
    开元制样机中间库连接成功
2016/5/13 15:49:19
    地磅仪表未启用......
2016/5/13 15:49:19
    车号识别器(1)未启用......
2016/5/13 15:49:19
    车号识别器(2)未启用......
2016/5/13 15:49:19
    车号识别器(3)未启用......
2016/5/13 15:49:19
    车号识别器(4)未启用......
2016/5/13 15:49:19
    LED屏连接失败(1):1号Led屏停用
2016/5/13 15:49:19
    LED屏连接失败(2):2号Led屏停用
时间:2016/5/13 15:50:21,事件:启动日志:
2016/5/13 15:50:21
    正在启动煤管理系统......
2016/5/13 15:50:21L
    正在初始化服务......
2016/5/13 15:50:21
    服务打开成功
2016/5/13 15:50:21L
    正在连接开元采样机中间库......
2016/5/13 15:50:21
    开元采样机中间库连接成功
2016/5/13 15:50:21L
    正在连接开元制样机中间库......
2016/5/13 15:50:21
    开元制样机中间库连接成功
2016/5/13 15:50:21
    地磅仪表未启用......
2016/5/13 15:50:21
    车号识别器(1)未启用......
2016/5/13 15:50:21
    车号识别器(2)未启用......
2016/5/13 15:50:21
    车号识别器(3)未启用......
2016/5/13 15:50:21
    车号识别器(4)未启用......
2016/5/13 15:50:21
    LED屏连接失败(1):1号Led屏停用
2016/5/13 15:50:21
    LED屏连接失败(2):2号Led屏停用
时间:2016/5/13 15:52:15,事件:启动日志:
2016/5/13 15:52:15
    正在启动煤管理系统......
2016/5/13 15:52:15L
    正在初始化服务......
2016/5/13 15:52:15
    服务打开成功
2016/5/13 15:52:15L
    正在连接开元采样机中间库......
2016/5/13 15:52:15
    开元采样机中间库连接成功
2016/5/13 15:52:15L
    正在连接开元制样机中间库......
2016/5/13 15:52:15
    开元制样机中间库连接成功
2016/5/13 15:52:15
    地磅仪表未启用......
2016/5/13 15:52:15
    车号识别器(1)未启用......
2016/5/13 15:52:15
    车号识别器(2)未启用......
2016/5/13 15:52:15
    车号识别器(3)未启用......
2016/5/13 15:52:15
    车号识别器(4)未启用......
2016/5/13 15:52:15
    LED屏连接失败(1):1号Led屏停用
2016/5/13 15:52:15
    LED屏连接失败(2):2号Led屏停用
时间:2016/5/13 15:52:59,事件:启动日志:
2016/5/13 15:52:59
    正在启动煤管理系统......
2016/5/13 15:52:59L
    正在初始化服务......
2016/5/13 15:52:59
    服务打开成功
2016/5/13 15:52:59L
    正在连接开元采样机中间库......
2016/5/13 15:52:59
    开元采样机中间库连接成功
2016/5/13 15:52:59L
    正在连接开元制样机中间库......
2016/5/13 15:52:59
    开元制样机中间库连接成功
2016/5/13 15:52:59
    地磅仪表未启用......
2016/5/13 15:52:59
    车号识别器(1)未启用......
2016/5/13 15:52:59
    车号识别器(2)未启用......
2016/5/13 15:52:59
    车号识别器(3)未启用......
2016/5/13 15:52:59
    车号识别器(4)未启用......
2016/5/13 15:52:59
    LED屏连接失败(1):1号Led屏停用
2016/5/13 15:52:59
    LED屏连接失败(2):2号Led屏停用
