时间:2016/5/22 9:05:24,事件:启动日志:
2016/5/22 9:05:24L
    正在初始化服务......
2016/5/22 9:05:24
    服务打开成功
2016/5/22 9:05:24L
    正在连接存样柜中间库......
2016/5/22 9:05:24
    存样柜中间库连接成功
2016/5/22 9:05:24
    地磅仪表未启用......
2016/5/22 9:05:24
    车号识别器(1)未启用......
2016/5/22 9:05:24
    车号识别器(2)未启用......
2016/5/22 9:05:24
    车号识别器(3)未启用......
2016/5/22 9:05:24
    车号识别器(4)未启用......
2016/5/22 9:05:24
    LED屏连接失败(1):1号Led屏停用
2016/5/22 9:05:24
    LED屏连接失败(2):2号Led屏停用
时间:2016/5/22 9:14:19,事件:启动日志:
2016/5/22 9:14:19L
    正在初始化服务......
2016/5/22 9:14:19
    服务打开成功
2016/5/22 9:14:19L
    正在连接存样柜中间库......
2016/5/22 9:14:19
    存样柜中间库连接成功
2016/5/22 9:14:19
    地磅仪表未启用......
2016/5/22 9:14:19
    车号识别器(1)未启用......
2016/5/22 9:14:19
    车号识别器(2)未启用......
2016/5/22 9:14:19
    车号识别器(3)未启用......
2016/5/22 9:14:19
    车号识别器(4)未启用......
2016/5/22 9:14:19
    LED屏连接失败(1):1号Led屏停用
2016/5/22 9:14:19
    LED屏连接失败(2):2号Led屏停用
时间:2016/5/22 9:15:08,事件:CunYG_QuY:存样柜开始进行弃样操作
时间:2016/5/22 9:28:42,事件:启动日志:
2016/5/22 9:28:42L
    正在初始化服务......
2016/5/22 9:28:42
    服务打开成功
2016/5/22 9:28:42L
    正在连接存样柜中间库......
2016/5/22 9:28:42
    存样柜中间库连接成功
2016/5/22 9:28:42
    地磅仪表未启用......
2016/5/22 9:28:42
    车号识别器(1)未启用......
2016/5/22 9:28:42
    车号识别器(2)未启用......
2016/5/22 9:28:42
    车号识别器(3)未启用......
2016/5/22 9:28:42
    车号识别器(4)未启用......
2016/5/22 9:28:42
    LED屏连接失败(1):1号Led屏停用
2016/5/22 9:28:42
    LED屏连接失败(2):2号Led屏停用
时间:2016/5/22 9:29:36,事件:CunYG_QuY:存样柜正在进行弃样操作
时间:2016/5/22 9:30:46,事件:CunYG_QuY:存样柜开始进行弃样操作
时间:2016/5/22 9:31:13,事件:CunYG_QuY:存样柜操作完成,操作状态:存查样柜内指定位置（柜名、层名、位名）无效、或不存在、或不可用
