时间:2016/5/15 18:54:39,事件:启动日志:
2016/5/15 18:54:38
    正在启动煤管理系统......
2016/5/15 18:54:38L
    正在初始化服务......
2016/5/15 18:54:38
    服务打开成功
2016/5/15 18:54:38L
    正在连接开元采样机中间库......
2016/5/15 18:54:39
    开元采样机中间库连接成功
2016/5/15 18:54:39L
    正在连接开元制样机中间库......
2016/5/15 18:54:39
    开元制样机中间库连接成功
2016/5/15 18:54:39
    地磅仪表未启用......
2016/5/15 18:54:39
    车号识别器(1)未启用......
2016/5/15 18:54:39
    车号识别器(2)未启用......
2016/5/15 18:54:39
    车号识别器(3)未启用......
2016/5/15 18:54:39
    车号识别器(4)未启用......
2016/5/15 18:54:39
    LED屏连接失败(1):1号Led屏停用
2016/5/15 18:54:39
    LED屏连接失败(2):2号Led屏停用
时间:2016/5/15 20:27:36,事件:启动日志:
2016/5/15 20:27:34
    正在启动煤管理系统......
2016/5/15 20:27:34L
    正在初始化服务......
2016/5/15 20:27:34
    服务打开成功
2016/5/15 20:27:34L
    正在连接开元采样机中间库......
2016/5/15 20:27:36
    开元采样机中间库连接成功
2016/5/15 20:27:36L
    正在连接开元制样机中间库......
2016/5/15 20:27:36
    开元制样机中间库连接成功
2016/5/15 20:27:36
    地磅仪表未启用......
2016/5/15 20:27:36
    车号识别器(1)未启用......
2016/5/15 20:27:36
    车号识别器(2)未启用......
2016/5/15 20:27:36
    车号识别器(3)未启用......
2016/5/15 20:27:36
    车号识别器(4)未启用......
2016/5/15 20:27:36
    LED屏连接失败(1):1号Led屏停用
2016/5/15 20:27:36
    LED屏连接失败(2):2号Led屏停用
