时间:2016/5/7 9:27:43,事件:启动日志:
2016/5/7 9:27:43
    正在启动煤管理系统......
2016/5/7 9:27:43L
    正在初始化服务......
2016/5/7 9:27:43
    服务打开成功
2016/5/7 9:27:43
    地磅仪表未启用......
2016/5/7 9:27:43
    车号识别器(1)未启用......
2016/5/7 9:27:43
    车号识别器(2)未启用......
2016/5/7 9:27:43
    车号识别器(3)未启用......
2016/5/7 9:27:43
    车号识别器(4)未启用......
2016/5/7 9:27:43
    LED屏连接失败(1):1号Led屏停用
2016/5/7 9:27:43
    LED屏连接失败(2):2号Led屏停用
时间:2016/5/7 9:29:46,事件:启动日志:
2016/5/7 9:29:46
    正在启动煤管理系统......
2016/5/7 9:29:46L
    正在初始化服务......
2016/5/7 9:29:46
    服务打开成功
2016/5/7 9:29:46
    地磅仪表未启用......
2016/5/7 9:29:46
    车号识别器(1)未启用......
2016/5/7 9:29:46
    车号识别器(2)未启用......
2016/5/7 9:29:46
    车号识别器(3)未启用......
2016/5/7 9:29:46
    车号识别器(4)未启用......
2016/5/7 9:29:46
    LED屏连接失败(1):1号Led屏停用
2016/5/7 9:29:46
    LED屏连接失败(2):2号Led屏停用
时间:2016/5/7 9:30:22,事件:蒙K88738^入场失败:上一流程未完成
时间:2016/5/7 9:31:59,事件:启动日志:
2016/5/7 9:31:59
    正在启动煤管理系统......
2016/5/7 9:31:59L
    正在初始化服务......
2016/5/7 9:31:59
    服务打开成功
2016/5/7 9:31:59
    地磅仪表未启用......
2016/5/7 9:31:59
    车号识别器(1)未启用......
2016/5/7 9:31:59
    车号识别器(2)未启用......
2016/5/7 9:31:59
    车号识别器(3)未启用......
2016/5/7 9:31:59
    车号识别器(4)未启用......
2016/5/7 9:31:59
    LED屏连接失败(1):1号Led屏停用
2016/5/7 9:31:59
    LED屏连接失败(2):2号Led屏停用
时间:2016/5/7 9:32:04,事件:蒙B48050^入场失败:车辆未到达当前流程的指定地点
时间:2016/5/7 9:33:51,事件:启动日志:
2016/5/7 9:33:51
    正在启动煤管理系统......
2016/5/7 9:33:51L
    正在初始化服务......
2016/5/7 9:33:51
    服务打开成功
2016/5/7 9:33:51
    地磅仪表未启用......
2016/5/7 9:33:51
    车号识别器(1)未启用......
2016/5/7 9:33:51
    车号识别器(2)未启用......
2016/5/7 9:33:51
    车号识别器(3)未启用......
2016/5/7 9:33:51
    车号识别器(4)未启用......
2016/5/7 9:33:51
    LED屏连接失败(1):1号Led屏停用
2016/5/7 9:33:51
    LED屏连接失败(2):2号Led屏停用
时间:2016/5/7 9:33:57,事件:蒙B48050^入场失败:值不能为 null。rn参数名: value
时间:2016/5/7 10:45:22,事件:启动日志:
2016/5/7 10:45:22L
    正在初始化服务......
2016/5/7 10:45:22
    服务打开成功
2016/5/7 10:45:22
    地磅仪表未启用......
2016/5/7 10:45:22
    车号识别器(1)未启用......
2016/5/7 10:45:22
    车号识别器(2)未启用......
2016/5/7 10:45:22
    车号识别器(3)未启用......
2016/5/7 10:45:22
    车号识别器(4)未启用......
2016/5/7 10:45:22
    LED屏连接失败(1):1号Led屏停用
2016/5/7 10:45:22
    LED屏连接失败(2):2号Led屏停用
时间:2016/5/7 10:48:37,事件:启动日志:
2016/5/7 10:48:37L
    正在初始化服务......
2016/5/7 10:48:37
    服务打开成功
2016/5/7 10:48:37
    地磅仪表未启用......
2016/5/7 10:48:37
    车号识别器(1)未启用......
2016/5/7 10:48:37
    车号识别器(2)未启用......
2016/5/7 10:48:37
    正在连接读写器(3)......
2016/5/7 10:48:37
    读写器连接成功(3)......
2016/5/7 10:48:37
    车号识别器(4)未启用......
2016/5/7 10:48:37
    LED屏连接失败(1):1号Led屏停用
2016/5/7 10:48:37
    LED屏连接失败(2):2号Led屏停用
时间:2016/5/7 10:49:14,事件:启动日志:
2016/5/7 10:49:14L
    正在初始化服务......
2016/5/7 10:49:14
    服务打开成功
2016/5/7 10:49:14
    地磅仪表未启用......
2016/5/7 10:49:14
    车号识别器(1)未启用......
2016/5/7 10:49:14
    车号识别器(2)未启用......
2016/5/7 10:49:14
    正在连接读写器(3)......
2016/5/7 10:49:14
    读写器连接成功(3)......
2016/5/7 10:49:14
    车号识别器(4)未启用......
2016/5/7 10:49:14
    LED屏连接失败(1):1号Led屏停用
2016/5/7 10:49:14
    LED屏连接失败(2):2号Led屏停用
时间:2016/5/7 10:49:51,事件:启动日志:
2016/5/7 10:49:51L
    正在初始化服务......
2016/5/7 10:49:51
    服务打开成功
2016/5/7 10:49:51
    地磅仪表未启用......
2016/5/7 10:49:51
    车号识别器(1)未启用......
2016/5/7 10:49:51
    车号识别器(2)未启用......
2016/5/7 10:49:51
    正在连接读写器(3)......
2016/5/7 10:49:51
    读写器连接成功(3)......
2016/5/7 10:49:51
    车号识别器(4)未启用......
2016/5/7 10:49:51
    LED屏连接失败(1):1号Led屏停用
2016/5/7 10:49:51
    LED屏连接失败(2):2号Led屏停用
时间:2016/5/7 10:51:43,事件:启动日志:
2016/5/7 10:51:42L
    正在初始化服务......
2016/5/7 10:51:42
    服务打开成功
2016/5/7 10:51:42
    地磅仪表未启用......
2016/5/7 10:51:42
    车号识别器(1)未启用......
2016/5/7 10:51:42
    车号识别器(2)未启用......
2016/5/7 10:51:42
    正在连接读写器(3)......
2016/5/7 10:51:42
    读写器连接成功(3)......
2016/5/7 10:51:42
    车号识别器(4)未启用......
2016/5/7 10:51:42
    LED屏连接失败(1):1号Led屏停用
2016/5/7 10:51:43
    LED屏连接失败(2):2号Led屏停用
时间:2016/5/7 10:52:07,事件:在提交验票信息的过程中进行强制流程复位
时间:2016/5/7 11:07:08,事件:启动日志:
2016/5/7 11:07:08L
    正在初始化服务......
2016/5/7 11:07:08
    服务打开成功
2016/5/7 11:07:08
    地磅仪表未启用......
2016/5/7 11:07:08
    车号识别器(1)未启用......
2016/5/7 11:07:08
    车号识别器(2)未启用......
2016/5/7 11:07:08
    正在连接读写器(3)......
2016/5/7 11:07:08
    读写器连接成功(3)......
2016/5/7 11:07:08
    车号识别器(4)未启用......
2016/5/7 11:07:08
    LED屏连接失败(1):1号Led屏停用
2016/5/7 11:07:08
    LED屏连接失败(2):2号Led屏停用
时间:2016/5/7 11:09:06,事件:启动日志:
2016/5/7 11:09:06
    正在启动停车管理系统......
2016/5/7 11:09:06L
    正在初始化服务......
2016/5/7 11:09:06
    服务打开成功
2016/5/7 11:09:06
    地磅仪表未启用......
2016/5/7 11:09:06
    车号识别器(1)未启用......
2016/5/7 11:09:06
    车号识别器(2)未启用......
2016/5/7 11:09:06
    车号识别器(3)未启用......
2016/5/7 11:09:06
    车号识别器(4)未启用......
2016/5/7 11:09:06
    LED屏连接失败(1):1号Led屏停用
2016/5/7 11:09:06
    LED屏连接失败(2):2号Led屏停用
时间:2016/5/7 11:09:29,事件:启动日志:
2016/5/7 11:09:29
    正在启动停车管理系统......
2016/5/7 11:09:29L
    正在初始化服务......
2016/5/7 11:09:29
    服务打开成功
2016/5/7 11:09:29
    地磅仪表未启用......
2016/5/7 11:09:29
    车号识别器(1)未启用......
2016/5/7 11:09:29
    车号识别器(2)未启用......
2016/5/7 11:09:29
    车号识别器(3)未启用......
2016/5/7 11:09:29
    车号识别器(4)未启用......
2016/5/7 11:09:29
    LED屏连接失败(1):1号Led屏停用
2016/5/7 11:09:29
    LED屏连接失败(2):2号Led屏停用
时间:2016/5/7 11:09:58,事件:启动日志:
2016/5/7 11:09:58
    正在启动停车管理系统......
2016/5/7 11:09:58L
    正在初始化服务......
2016/5/7 11:09:58
    服务打开成功
2016/5/7 11:09:58
    地磅仪表未启用......
2016/5/7 11:09:58
    车号识别器(1)未启用......
2016/5/7 11:09:58
    车号识别器(2)未启用......
2016/5/7 11:09:58
    车号识别器(3)未启用......
2016/5/7 11:09:58
    车号识别器(4)未启用......
2016/5/7 11:09:58
    LED屏连接失败(1):1号Led屏停用
2016/5/7 11:09:58
    LED屏连接失败(2):2号Led屏停用
时间:2016/5/7 11:10:03,事件:蒙K88738^验证成功,请去往
时间:2016/5/7 14:11:42,事件:启动日志:
2016/5/7 14:11:42
    正在启动停车管理系统......
2016/5/7 14:11:42L
    正在初始化服务......
2016/5/7 14:11:42
    服务打开成功
2016/5/7 14:11:42
    地磅仪表未启用......
2016/5/7 14:11:42
    车号识别器(1)未启用......
2016/5/7 14:11:42
    车号识别器(2)未启用......
2016/5/7 14:11:42
    车号识别器(3)未启用......
2016/5/7 14:11:42
    车号识别器(4)未启用......
2016/5/7 14:11:42
    LED屏连接失败(1):1号Led屏停用
2016/5/7 14:11:42
    LED屏连接失败(2):2号Led屏停用
时间:2016/5/7 14:11:47,事件:蒙K88738^入场失败:获取系统业务数据异常
时间:2016/5/7 14:12:07,事件:蒙K88738^入场失败:获取系统业务数据异常
时间:2016/5/7 14:12:46,事件:启动日志:
2016/5/7 14:12:45
    正在启动停车管理系统......
2016/5/7 14:12:45L
    正在初始化服务......
2016/5/7 14:12:45
    服务打开成功
2016/5/7 14:12:45
    地磅仪表未启用......
2016/5/7 14:12:45
    车号识别器(1)未启用......
2016/5/7 14:12:45
    车号识别器(2)未启用......
2016/5/7 14:12:45
    车号识别器(3)未启用......
2016/5/7 14:12:45
    车号识别器(4)未启用......
2016/5/7 14:12:45
    LED屏连接失败(1):1号Led屏停用
2016/5/7 14:12:45
    LED屏连接失败(2):2号Led屏停用
时间:2016/5/7 14:22:18,事件:启动日志:
2016/5/7 14:22:18L
    正在初始化服务......
2016/5/7 14:22:18
    服务打开成功
2016/5/7 14:22:18
    地磅仪表未启用......
2016/5/7 14:22:18
    车号识别器(1)未启用......
2016/5/7 14:22:18
    车号识别器(2)未启用......
2016/5/7 14:22:18
    正在连接读写器(3)......
2016/5/7 14:22:18
    读写器连接成功(3)......
2016/5/7 14:22:18
    车号识别器(4)未启用......
2016/5/7 14:22:18
    LED屏连接失败(1):1号Led屏停用
2016/5/7 14:22:18
    LED屏连接失败(2):2号Led屏停用
时间:2016/5/7 14:24:18,事件:启动日志:
2016/5/7 14:24:18
    正在启动停车管理系统......
2016/5/7 14:24:18L
    正在初始化服务......
2016/5/7 14:24:18
    服务打开成功
2016/5/7 14:24:18
    地磅仪表未启用......
2016/5/7 14:24:18
    车号识别器(1)未启用......
2016/5/7 14:24:18
    车号识别器(2)未启用......
2016/5/7 14:24:18
    正在连接读写器(3)......
2016/5/7 14:24:18
    读写器连接成功(3)......
2016/5/7 14:24:18
    车号识别器(4)未启用......
2016/5/7 14:24:18
    LED屏连接失败(1):1号Led屏停用
2016/5/7 14:24:18
    LED屏连接失败(2):2号Led屏停用
时间:2016/5/7 14:25:30,事件:蒙K88738^验证成功,请去往13峰杞浣
时间:2016/5/7 14:32:45,事件:启动日志:
2016/5/7 14:32:45
    正在启动停车管理系统......
2016/5/7 14:32:45L
    正在初始化服务......
2016/5/7 14:32:45
    服务打开成功
2016/5/7 14:32:45
    地磅仪表未启用......
2016/5/7 14:32:45
    车号识别器(1)未启用......
2016/5/7 14:32:45
    车号识别器(2)未启用......
2016/5/7 14:32:45
    正在连接读写器(3)......
2016/5/7 14:32:45
    读写器连接成功(3)......
2016/5/7 14:32:45
    车号识别器(4)未启用......
2016/5/7 14:32:45
    LED屏连接失败(1):1号Led屏停用
2016/5/7 14:32:45
    LED屏连接失败(2):2号Led屏停用
时间:2016/5/7 14:32:53,事件:蒙K88738^验证成功,请去往#1锋?
时间:2016/5/7 14:41:50,事件:启动日志:
2016/5/7 14:41:49
    正在启动无人值守汽车衡......
2016/5/7 14:41:49L
    正在初始化服务......
2016/5/7 14:41:50
    服务打开成功
2016/5/7 14:41:50
    地磅仪表打开成功......
2016/5/7 14:41:50
    车号识别器(1)未启用......
2016/5/7 14:41:50
    车号识别器(2)未启用......
2016/5/7 14:41:50
    车号识别器(3)未启用......
2016/5/7 14:41:50
    车号识别器(4)未启用......
2016/5/7 14:41:50
    LED屏连接失败(1):1号Led屏停用
2016/5/7 14:41:50
    LED屏连接失败(2):2号Led屏停用
时间:2016/5/7 14:42:23,事件:启动日志:
2016/5/7 14:42:23
    正在启动无人值守汽车衡......
2016/5/7 14:42:23L
    正在初始化服务......
2016/5/7 14:42:23
    服务打开成功
2016/5/7 14:42:23
    地磅仪表打开成功......
2016/5/7 14:42:23
    车号识别器(1)未启用......
2016/5/7 14:42:23
    车号识别器(2)未启用......
2016/5/7 14:42:23
    车号识别器(3)未启用......
2016/5/7 14:42:23
    车号识别器(4)未启用......
2016/5/7 14:42:23
    LED屏连接失败(1):1号Led屏停用
2016/5/7 14:42:23
    LED屏连接失败(2):2号Led屏停用
时间:2016/5/7 14:42:39,事件:蒙K88738^流程不符:应采样
时间:2016/5/7 14:43:24,事件:启动日志:
2016/5/7 14:43:23
    正在启动无人值守汽车衡......
2016/5/7 14:43:23L
    正在初始化服务......
2016/5/7 14:43:23
    服务打开成功
2016/5/7 14:43:23
    地磅仪表打开成功......
2016/5/7 14:43:23
    车号识别器(1)未启用......
2016/5/7 14:43:23
    车号识别器(2)未启用......
2016/5/7 14:43:23
    车号识别器(3)未启用......
2016/5/7 14:43:23
    车号识别器(4)未启用......
2016/5/7 14:43:24
    LED屏连接失败(1):1号Led屏停用
2016/5/7 14:43:24
    LED屏连接失败(2):2号Led屏停用
时间:2016/5/7 14:43:31,事件:蒙K88738^应去重车衡
时间:2016/5/7 14:43:52,事件:启动日志:
2016/5/7 14:43:52
    正在启动无人值守汽车衡......
2016/5/7 14:43:52L
    正在初始化服务......
2016/5/7 14:43:52
    服务打开成功
2016/5/7 14:43:52
    地磅仪表打开成功......
2016/5/7 14:43:52
    车号识别器(1)未启用......
2016/5/7 14:43:52
    车号识别器(2)未启用......
2016/5/7 14:43:52
    车号识别器(3)未启用......
2016/5/7 14:43:52
    车号识别器(4)未启用......
2016/5/7 14:43:52
    LED屏连接失败(1):1号Led屏停用
2016/5/7 14:43:52
    LED屏连接失败(2):2号Led屏停用
时间:2016/5/7 14:44:09,事件:蒙K88738^称重成功!60.02吨,请去往#1汽车衡三段
时间:2016/5/7 14:47:58,事件:启动日志:
2016/5/7 14:47:58
    正在启动煤管理系统......
2016/5/7 14:47:58L
    正在初始化服务......
2016/5/7 14:47:58
    服务打开成功
2016/5/7 14:47:58
    地磅仪表打开成功......
2016/5/7 14:47:58
    车号识别器(1)未启用......
2016/5/7 14:47:58
    车号识别器(2)未启用......
2016/5/7 14:47:58
    车号识别器(3)未启用......
2016/5/7 14:47:58
    车号识别器(4)未启用......
2016/5/7 14:47:58
    LED屏连接失败(1):1号Led屏停用
2016/5/7 14:47:58
    LED屏连接失败(2):2号Led屏停用
时间:2016/5/7 15:01:26,事件:启动日志:
2016/5/7 15:01:26
    正在启动煤管理系统......
2016/5/7 15:01:26L
    正在初始化服务......
2016/5/7 15:01:26
    服务打开成功
2016/5/7 15:01:26
    地磅仪表打开成功......
2016/5/7 15:01:26
    车号识别器(1)未启用......
2016/5/7 15:01:26
    车号识别器(2)未启用......
2016/5/7 15:01:26
    车号识别器(3)未启用......
2016/5/7 15:01:26
    车号识别器(4)未启用......
2016/5/7 15:01:26
    LED屏连接失败(1):1号Led屏停用
2016/5/7 15:01:26
    LED屏连接失败(2):2号Led屏停用
