时间:2016/5/18 9:28:39,事件:启动日志:
2016/5/18 9:28:37L
    正在初始化服务......
2016/5/18 9:28:37
    服务打开成功
2016/5/18 9:28:37L
    正在连接开元采样机中间库......
2016/5/18 9:28:38
    开元采样机中间库连接成功
2016/5/18 9:28:38L
    正在连接开元制样机中间库......
2016/5/18 9:28:38
    开元制样机中间库连接成功
2016/5/18 9:28:38
    地磅仪表未启用......
2016/5/18 9:28:38
    正在连接读写器(1)......
2016/5/18 9:28:39
    读写器连接成功(1)......
2016/5/18 9:28:39
    车号识别器(2)未启用......
2016/5/18 9:28:39
    正在连接读写器(3)......
2016/5/18 9:28:39
    读写器连接成功(3)......
2016/5/18 9:28:39
    车号识别器(4)未启用......
2016/5/18 9:28:39
    LED屏连接失败(1):1号Led屏停用
2016/5/18 9:28:39
    LED屏连接失败(2):2号Led屏停用
2016/5/18 9:28:39
    小票打印机连接成功......
时间:2016/5/18 9:29:29,事件:启动日志:
2016/5/18 9:29:28L
    正在初始化服务......
2016/5/18 9:29:28
    服务打开成功
2016/5/18 9:29:28L
    正在连接开元采样机中间库......
2016/5/18 9:29:28
    开元采样机中间库连接成功
2016/5/18 9:29:28L
    正在连接开元制样机中间库......
2016/5/18 9:29:28
    开元制样机中间库连接成功
2016/5/18 9:29:28
    地磅仪表未启用......
2016/5/18 9:29:28
    正在连接读写器(1)......
2016/5/18 9:29:29
    读写器连接成功(1)......
2016/5/18 9:29:29
    车号识别器(2)未启用......
2016/5/18 9:29:29
    正在连接读写器(3)......
2016/5/18 9:29:29
    读写器连接成功(3)......
2016/5/18 9:29:29
    车号识别器(4)未启用......
2016/5/18 9:29:29
    LED屏连接失败(1):1号Led屏停用
2016/5/18 9:29:29
    LED屏连接失败(2):2号Led屏停用
2016/5/18 9:29:29
    小票打印机连接成功......
时间:2016/5/18 9:30:04,事件:启动日志:
2016/5/18 9:30:03L
    正在初始化服务......
2016/5/18 9:30:03
    服务打开成功
2016/5/18 9:30:03L
    正在连接开元采样机中间库......
2016/5/18 9:30:03
    开元采样机中间库连接成功
2016/5/18 9:30:03L
    正在连接开元制样机中间库......
2016/5/18 9:30:03
    开元制样机中间库连接成功
2016/5/18 9:30:03
    地磅仪表未启用......
2016/5/18 9:30:03
    正在连接读写器(1)......
2016/5/18 9:30:03
    读写器连接成功(1)......
2016/5/18 9:30:03
    车号识别器(2)未启用......
2016/5/18 9:30:03
    正在连接读写器(3)......
2016/5/18 9:30:03
    读写器连接成功(3)......
2016/5/18 9:30:03
    车号识别器(4)未启用......
2016/5/18 9:30:03
    LED屏连接失败(1):1号Led屏停用
2016/5/18 9:30:03
    LED屏连接失败(2):2号Led屏停用
2016/5/18 9:30:04
    小票打印机连接成功......
时间:2016/5/18 9:30:53,事件:启动日志:
2016/5/18 9:30:52L
    正在初始化服务......
2016/5/18 9:30:52
    服务打开成功
2016/5/18 9:30:52L
    正在连接开元采样机中间库......
2016/5/18 9:30:53
    开元采样机中间库连接成功
2016/5/18 9:30:53L
    正在连接开元制样机中间库......
2016/5/18 9:30:53
    开元制样机中间库连接成功
2016/5/18 9:30:53
    地磅仪表未启用......
2016/5/18 9:30:53
    正在连接读写器(1)......
2016/5/18 9:30:53
    读写器连接成功(1)......
2016/5/18 9:30:53
    车号识别器(2)未启用......
2016/5/18 9:30:53
    正在连接读写器(3)......
2016/5/18 9:30:53
    读写器连接成功(3)......
2016/5/18 9:30:53
    车号识别器(4)未启用......
2016/5/18 9:30:53
    LED屏连接失败(1):1号Led屏停用
2016/5/18 9:30:53
    LED屏连接失败(2):2号Led屏停用
2016/5/18 9:30:53
    小票打印机连接成功......
时间:2016/5/18 9:32:06,事件:启动日志:
2016/5/18 9:32:06L
    正在初始化服务......
2016/5/18 9:32:06
    服务打开成功
2016/5/18 9:32:06L
    正在连接开元采样机中间库......
2016/5/18 9:32:06
    开元采样机中间库连接成功
2016/5/18 9:32:06L
    正在连接开元制样机中间库......
2016/5/18 9:32:06
    开元制样机中间库连接成功
2016/5/18 9:32:06
    地磅仪表未启用......
2016/5/18 9:32:06
    正在连接读写器(1)......
2016/5/18 9:32:06
    读写器连接成功(1)......
2016/5/18 9:32:06
    车号识别器(2)未启用......
2016/5/18 9:32:06
    正在连接读写器(3)......
2016/5/18 9:32:06
    读写器连接成功(3)......
2016/5/18 9:32:06
    车号识别器(4)未启用......
2016/5/18 9:32:06
    LED屏连接失败(1):1号Led屏停用
2016/5/18 9:32:06
    LED屏连接失败(2):2号Led屏停用
2016/5/18 9:32:06
    小票打印机连接成功......
时间:2016/5/18 9:32:35,事件:启动日志:
2016/5/18 9:32:35L
    正在初始化服务......
2016/5/18 9:32:35
    服务打开成功
2016/5/18 9:32:35L
    正在连接开元采样机中间库......
2016/5/18 9:32:35
    开元采样机中间库连接成功
2016/5/18 9:32:35L
    正在连接开元制样机中间库......
2016/5/18 9:32:35
    开元制样机中间库连接成功
2016/5/18 9:32:35
    地磅仪表未启用......
2016/5/18 9:32:35
    正在连接读写器(1)......
2016/5/18 9:32:35
    读写器连接成功(1)......
2016/5/18 9:32:35
    车号识别器(2)未启用......
2016/5/18 9:32:35
    正在连接读写器(3)......
2016/5/18 9:32:35
    读写器连接成功(3)......
2016/5/18 9:32:35
    车号识别器(4)未启用......
2016/5/18 9:32:35
    LED屏连接失败(1):1号Led屏停用
2016/5/18 9:32:35
    LED屏连接失败(2):2号Led屏停用
2016/5/18 9:32:35
    小票打印机连接成功......
时间:2016/5/18 9:35:29,事件:启动日志:
2016/5/18 9:35:28L
    正在初始化服务......
2016/5/18 9:35:28
    服务打开成功
2016/5/18 9:35:28L
    正在连接开元采样机中间库......
2016/5/18 9:35:28
    开元采样机中间库连接成功
2016/5/18 9:35:28L
    正在连接开元制样机中间库......
2016/5/18 9:35:28
    开元制样机中间库连接成功
2016/5/18 9:35:28
    地磅仪表未启用......
2016/5/18 9:35:28
    正在连接读写器(1)......
2016/5/18 9:35:28
    读写器连接成功(1)......
2016/5/18 9:35:28
    车号识别器(2)未启用......
2016/5/18 9:35:28
    正在连接读写器(3)......
2016/5/18 9:35:28
    读写器连接成功(3)......
2016/5/18 9:35:28
    车号识别器(4)未启用......
2016/5/18 9:35:28
    LED屏连接失败(1):1号Led屏停用
2016/5/18 9:35:28
    LED屏连接失败(2):2号Led屏停用
2016/5/18 9:35:28
    小票打印机连接成功......
时间:2016/5/18 9:38:24,事件:启动日志:
2016/5/18 9:38:24L
    正在初始化服务......
2016/5/18 9:38:24
    服务打开成功
2016/5/18 9:38:24L
    正在连接开元采样机中间库......
2016/5/18 9:38:24
    开元采样机中间库连接成功
2016/5/18 9:38:24L
    正在连接开元制样机中间库......
2016/5/18 9:38:24
    开元制样机中间库连接成功
2016/5/18 9:38:24
    地磅仪表未启用......
2016/5/18 9:38:24
    正在连接读写器(1)......
2016/5/18 9:38:24
    读写器连接成功(1)......
2016/5/18 9:38:24
    车号识别器(2)未启用......
2016/5/18 9:38:24
    正在连接读写器(3)......
2016/5/18 9:38:24
    读写器连接成功(3)......
2016/5/18 9:38:24
    车号识别器(4)未启用......
2016/5/18 9:38:24
    LED屏连接失败(1):1号Led屏停用
2016/5/18 9:38:24
    LED屏连接失败(2):2号Led屏停用
2016/5/18 9:38:24
    小票打印机连接成功......
时间:2016/5/18 9:39:21,事件:启动日志:
2016/5/18 9:39:20L
    正在初始化服务......
2016/5/18 9:39:20
    服务打开成功
2016/5/18 9:39:21L
    正在连接开元采样机中间库......
2016/5/18 9:39:21
    开元采样机中间库连接成功
2016/5/18 9:39:21L
    正在连接开元制样机中间库......
2016/5/18 9:39:21
    开元制样机中间库连接成功
2016/5/18 9:39:21
    地磅仪表未启用......
2016/5/18 9:39:21
    正在连接读写器(1)......
2016/5/18 9:39:21
    读写器连接成功(1)......
2016/5/18 9:39:21
    车号识别器(2)未启用......
2016/5/18 9:39:21
    正在连接读写器(3)......
2016/5/18 9:39:21
    读写器连接成功(3)......
2016/5/18 9:39:21
    车号识别器(4)未启用......
2016/5/18 9:39:21
    LED屏连接失败(1):1号Led屏停用
2016/5/18 9:39:21
    LED屏连接失败(2):2号Led屏停用
2016/5/18 9:39:21
    小票打印机连接成功......
时间:2016/5/18 12:00:43,事件:启动日志:
2016/5/18 12:00:41L
    正在初始化服务......
2016/5/18 12:00:41
    服务打开成功
2016/5/18 12:00:41
    地磅仪表未启用......
2016/5/18 12:00:41
    正在连接读写器(1)......
2016/5/18 12:00:41
    读写器连接成功(1)......
2016/5/18 12:00:41
    车号识别器(2)未启用......
2016/5/18 12:00:41
    正在连接读写器(3)......
2016/5/18 12:00:41
    读写器连接成功(3)......
2016/5/18 12:00:41
    车号识别器(4)未启用......
2016/5/18 12:00:41
    正在连接LED屏(1)......
2016/5/18 12:00:43
    LED屏连接成功(1)......
2016/5/18 12:00:43
    LED屏连接失败(2):2号Led屏停用
时间:2016/5/18 12:01:25,事件:启动日志:
2016/5/18 12:01:24
    正在启动停车管理系统......
2016/5/18 12:01:24L
    正在初始化服务......
2016/5/18 12:01:24
    服务打开成功
2016/5/18 12:01:24
    地磅仪表未启用......
2016/5/18 12:01:24
    正在连接读写器(1)......
2016/5/18 12:01:24
    读写器连接成功(1)......
2016/5/18 12:01:24
    车号识别器(2)未启用......
2016/5/18 12:01:24
    正在连接读写器(3)......
2016/5/18 12:01:24
    读写器连接成功(3)......
2016/5/18 12:01:24
    车号识别器(4)未启用......
2016/5/18 12:01:24
    正在连接LED屏(1)......
2016/5/18 12:01:25
    LED屏连接成功(1)......
2016/5/18 12:01:25
    LED屏连接失败(2):2号Led屏停用
