时间:2016/5/23 10:47:55,事件:启动日志:
2016/5/23 10:47:54L
    正在初始化服务......
2016/5/23 10:47:55
    服务打开成功
2016/5/23 10:47:55L
    正在连接开元采样机中间库......
2016/5/23 10:47:55
    开元采样机中间库连接成功
2016/5/23 10:47:55L
    正在连接开元制样机中间库......
2016/5/23 10:47:55
    开元制样机中间库连接成功
2016/5/23 10:47:55
    地磅仪表未启用......
2016/5/23 10:47:55
    车号识别器(1)未启用......
2016/5/23 10:47:55
    车号识别器(2)未启用......
2016/5/23 10:47:55
    车号识别器(3)未启用......
2016/5/23 10:47:55
    车号识别器(4)未启用......
2016/5/23 10:47:55
    LED屏连接失败(1):1号Led屏停用
2016/5/23 10:47:55
    LED屏连接失败(2):2号Led屏停用
时间:2016/5/23 10:50:57,事件:SamUnloadProc:等待进入卸料状态,采样机状态:正在卸样
时间:2016/5/23 10:51:11,事件:SamUnloadProc:采样机进入卸料状态
时间:2016/5/23 10:52:21,事件:SamUnloadProc:采样机卸料完成
时间:2016/5/23 10:53:04,事件:SamUnloadProc:等待制样机完成制样
时间:2016/5/23 11:04:05,事件:SamUnloadProc:制样机制样完成
时间:2016/5/23 11:34:34,事件:启动日志:
2016/5/23 11:34:34L
    正在初始化服务......
2016/5/23 11:34:34
    服务打开成功
2016/5/23 11:34:34L
    正在连接开元采样机中间库......
2016/5/23 11:34:34
    开元采样机中间库连接成功
2016/5/23 11:34:34L
    正在连接开元制样机中间库......
2016/5/23 11:34:34
    开元制样机中间库连接成功
2016/5/23 11:34:34
    地磅仪表未启用......
2016/5/23 11:34:34
    车号识别器(1)未启用......
2016/5/23 11:34:34
    车号识别器(2)未启用......
2016/5/23 11:34:34
    车号识别器(3)未启用......
2016/5/23 11:34:34
    车号识别器(4)未启用......
2016/5/23 11:34:34
    LED屏连接失败(1):1号Led屏停用
2016/5/23 11:34:34
    LED屏连接失败(2):2号Led屏停用
时间:2016/5/23 11:34:48,事件:SamUnloadProc:等待进入卸料状态,采样机状态:待机可卸
时间:2016/5/23 11:34:51,事件:SamUnloadProc:等待进入卸料状态,采样机状态:正在卸样
时间:2016/5/23 11:35:19,事件:SamUnloadProc:采样机进入卸料状态
时间:2016/5/23 11:36:13,事件:SamUnloadProc:采样机卸料完成
时间:2016/5/23 11:36:13,事件:SamUnloadProc:等待制样机完成制样
时间:2016/5/23 11:37:16,事件:SamUnloadProc:制样机制样完成
时间:2016/5/23 12:16:40,事件:启动日志:
2016/5/23 12:16:39L
    正在初始化服务......
2016/5/23 12:16:39
    服务打开成功
2016/5/23 12:16:39L
    正在连接开元采样机中间库......
2016/5/23 12:16:40
    开元采样机中间库连接成功
2016/5/23 12:16:40L
    正在连接开元制样机中间库......
2016/5/23 12:16:40
    开元制样机中间库连接成功
2016/5/23 12:16:40
    地磅仪表未启用......
2016/5/23 12:16:40
    车号识别器(1)未启用......
2016/5/23 12:16:40
    车号识别器(2)未启用......
2016/5/23 12:16:40
    车号识别器(3)未启用......
2016/5/23 12:16:40
    车号识别器(4)未启用......
2016/5/23 12:16:40
    LED屏连接失败(1):1号Led屏停用
2016/5/23 12:16:40
    LED屏连接失败(2):2号Led屏停用
