时间:2016/5/11 8:44:40,事件:启动日志:
2016/5/11 8:44:40L
    正在初始化服务......
2016/5/11 8:44:40
    服务打开成功
2016/5/11 8:44:40
    地磅仪表未启用......
2016/5/11 8:44:40
    正在连接读写器(1)......
2016/5/11 8:44:40
    读写器连接成功(1)......
2016/5/11 8:44:40
    车号识别器(2)未启用......
2016/5/11 8:44:40
    正在连接读写器(3)......
2016/5/11 8:44:40
    读写器连接成功(3)......
2016/5/11 8:44:40
    车号识别器(4)未启用......
2016/5/11 8:44:40
    LED屏连接失败(1):1号Led屏停用
2016/5/11 8:44:40
    LED屏连接失败(2):2号Led屏停用
2016/5/11 8:44:40
    小票打印机连接成功......
时间:2016/5/11 8:44:52,事件:等待卡到位的过程中进行强制流程复位
时间:2016/5/11 8:45:03,事件:等待卡到位的过程中进行强制流程复位
时间:2016/5/11 9:15:07,事件:收卡到票箱的过程中进行强制流程复位
时间:2016/5/11 9:15:34,事件:在退卡的过程中进行强制流程复位
时间:2016/5/11 9:15:40,事件:在退卡的过程中进行强制流程复位
时间:2016/5/11 9:15:53,事件:在退卡的过程中进行强制流程复位
时间:2016/5/11 9:15:55,事件:在退卡的过程中进行强制流程复位
时间:2016/5/11 9:16:01,事件:启动日志:
2016/5/11 9:16:01L
    正在初始化服务......
2016/5/11 9:16:01
    服务打开成功
2016/5/11 9:16:01
    地磅仪表未启用......
2016/5/11 9:16:01
    正在连接读写器(1)......
2016/5/11 9:16:01
    读写器连接成功(1)......
2016/5/11 9:16:01
    车号识别器(2)未启用......
2016/5/11 9:16:01
    正在连接读写器(3)......
2016/5/11 9:16:01
    读写器连接成功(3)......
2016/5/11 9:16:01
    车号识别器(4)未启用......
2016/5/11 9:16:01
    LED屏连接失败(1):1号Led屏停用
2016/5/11 9:16:01
    LED屏连接失败(2):2号Led屏停用
2016/5/11 9:16:01
    小票打印机连接成功......
时间:2016/5/11 9:16:27,事件:在退卡的过程中进行强制流程复位
时间:2016/5/11 9:16:32,事件:在退卡的过程中进行强制流程复位
时间:2016/5/11 9:16:33,事件:在退卡的过程中进行强制流程复位
时间:2016/5/11 9:16:40,事件:在退卡的过程中进行强制流程复位
时间:2016/5/11 9:26:53,事件:启动日志:
2016/5/11 9:26:53L
    正在初始化服务......
2016/5/11 9:26:53
    服务打开成功
2016/5/11 9:26:53
    地磅仪表未启用......
2016/5/11 9:26:53
    正在连接读写器(1)......
2016/5/11 9:26:53
    读写器连接成功(1)......
2016/5/11 9:26:53
    车号识别器(2)未启用......
2016/5/11 9:26:53
    正在连接读写器(3)......
2016/5/11 9:26:53
    读写器连接成功(3)......
2016/5/11 9:26:53
    车号识别器(4)未启用......
2016/5/11 9:26:53
    LED屏连接失败(1):1号Led屏停用
2016/5/11 9:26:53
    LED屏连接失败(2):2号Led屏停用
2016/5/11 9:26:53
    小票打印机连接成功......
时间:2016/5/11 9:36:48,事件:在退卡的过程中进行强制流程复位
时间:2016/5/11 9:42:39,事件:启动日志:
2016/5/11 9:42:39L
    正在初始化服务......
2016/5/11 9:42:39
    服务打开成功
2016/5/11 9:42:39
    地磅仪表未启用......
2016/5/11 9:42:39
    正在连接读写器(1)......
2016/5/11 9:42:39
    读写器连接成功(1)......
2016/5/11 9:42:39
    车号识别器(2)未启用......
2016/5/11 9:42:39
    正在连接读写器(3)......
2016/5/11 9:42:39
    读写器连接成功(3)......
2016/5/11 9:42:39
    车号识别器(4)未启用......
2016/5/11 9:42:39
    LED屏连接失败(1):1号Led屏停用
2016/5/11 9:42:39
    LED屏连接失败(2):2号Led屏停用
2016/5/11 9:42:39
    小票打印机连接成功......
时间:2016/5/11 9:43:13,事件:在退卡的过程中进行强制流程复位
时间:2016/5/11 9:43:49,事件:启动日志:
2016/5/11 9:43:49L
    正在初始化服务......
2016/5/11 9:43:49
    服务打开成功
2016/5/11 9:43:49
    地磅仪表未启用......
2016/5/11 9:43:49
    正在连接读写器(1)......
2016/5/11 9:43:49
    读写器连接成功(1)......
2016/5/11 9:43:49
    车号识别器(2)未启用......
2016/5/11 9:43:49
    正在连接读写器(3)......
2016/5/11 9:43:49
    读写器连接成功(3)......
2016/5/11 9:43:49
    车号识别器(4)未启用......
2016/5/11 9:43:49
    LED屏连接失败(1):1号Led屏停用
2016/5/11 9:43:49
    LED屏连接失败(2):2号Led屏停用
2016/5/11 9:43:49
    小票打印机连接成功......
时间:2016/5/11 9:44:40,事件:启动日志:
2016/5/11 9:44:40L
    正在初始化服务......
2016/5/11 9:44:40
    服务打开成功
2016/5/11 9:44:40
    地磅仪表未启用......
2016/5/11 9:44:40
    正在连接读写器(1)......
2016/5/11 9:44:40
    读写器连接成功(1)......
2016/5/11 9:44:40
    车号识别器(2)未启用......
2016/5/11 9:44:40
    正在连接读写器(3)......
2016/5/11 9:44:40
    读写器连接成功(3)......
2016/5/11 9:44:40
    车号识别器(4)未启用......
2016/5/11 9:44:40
    LED屏连接失败(1):1号Led屏停用
2016/5/11 9:44:40
    LED屏连接失败(2):2号Led屏停用
2016/5/11 9:44:40
    小票打印机连接成功......
时间:2016/5/11 9:49:59,事件:启动日志:
2016/5/11 9:49:58L
    正在初始化服务......
2016/5/11 9:49:58
    服务打开成功
2016/5/11 9:49:58
    地磅仪表未启用......
2016/5/11 9:49:58
    正在连接读写器(1)......
2016/5/11 9:49:58
    读写器连接成功(1)......
2016/5/11 9:49:58
    车号识别器(2)未启用......
2016/5/11 9:49:58
    正在连接读写器(3)......
2016/5/11 9:49:58
    读写器连接成功(3)......
2016/5/11 9:49:58
    车号识别器(4)未启用......
2016/5/11 9:49:59
    LED屏连接失败(1):1号Led屏停用
2016/5/11 9:49:59
    LED屏连接失败(2):2号Led屏停用
2016/5/11 9:49:59
    小票打印机连接成功......
时间:2016/5/11 9:56:06,事件:启动日志:
2016/5/11 9:56:06L
    正在初始化服务......
2016/5/11 9:56:06
    服务打开成功
2016/5/11 9:56:06
    地磅仪表未启用......
2016/5/11 9:56:06
    正在连接读写器(1)......
2016/5/11 9:56:06
    读写器连接成功(1)......
2016/5/11 9:56:06
    车号识别器(2)未启用......
2016/5/11 9:56:06
    正在连接读写器(3)......
2016/5/11 9:56:06
    读写器连接成功(3)......
2016/5/11 9:56:06
    车号识别器(4)未启用......
2016/5/11 9:56:06
    LED屏连接失败(1):1号Led屏停用
2016/5/11 9:56:06
    LED屏连接失败(2):2号Led屏停用
2016/5/11 9:56:06
    小票打印机连接成功......
时间:2016/5/11 10:00:42,事件:启动日志:
2016/5/11 10:00:42L
    正在初始化服务......
2016/5/11 10:00:42
    服务打开成功
2016/5/11 10:00:42
    地磅仪表未启用......
2016/5/11 10:00:42
    正在连接读写器(1)......
2016/5/11 10:00:42
    读写器连接成功(1)......
2016/5/11 10:00:42
    车号识别器(2)未启用......
2016/5/11 10:00:42
    正在连接读写器(3)......
2016/5/11 10:00:42
    读写器连接成功(3)......
2016/5/11 10:00:42
    车号识别器(4)未启用......
2016/5/11 10:00:42
    LED屏连接失败(1):1号Led屏停用
2016/5/11 10:00:42
    LED屏连接失败(2):2号Led屏停用
2016/5/11 10:00:42
    小票打印机连接成功......
时间:2016/5/11 10:05:46,事件:启动日志:
2016/5/11 10:05:46L
    正在初始化服务......
2016/5/11 10:05:46
    服务打开成功
2016/5/11 10:05:46
    地磅仪表未启用......
2016/5/11 10:05:46
    正在连接读写器(1)......
2016/5/11 10:05:46
    读写器连接成功(1)......
2016/5/11 10:05:46
    车号识别器(2)未启用......
2016/5/11 10:05:46
    正在连接读写器(3)......
2016/5/11 10:05:46
    读写器连接成功(3)......
2016/5/11 10:05:46
    车号识别器(4)未启用......
2016/5/11 10:05:46
    LED屏连接失败(1):1号Led屏停用
2016/5/11 10:05:46
    LED屏连接失败(2):2号Led屏停用
2016/5/11 10:05:46
    小票打印机连接成功......
时间:2016/5/11 10:11:58,事件:启动日志:
2016/5/11 10:11:58L
    正在初始化服务......
2016/5/11 10:11:58
    服务打开成功
2016/5/11 10:11:58
    地磅仪表未启用......
2016/5/11 10:11:58
    正在连接读写器(1)......
2016/5/11 10:11:58
    读写器连接成功(1)......
2016/5/11 10:11:58
    车号识别器(2)未启用......
2016/5/11 10:11:58
    正在连接读写器(3)......
2016/5/11 10:11:58
    读写器连接成功(3)......
2016/5/11 10:11:58
    车号识别器(4)未启用......
2016/5/11 10:11:58
    LED屏连接失败(1):1号Led屏停用
2016/5/11 10:11:58
    LED屏连接失败(2):2号Led屏停用
2016/5/11 10:11:58
    小票打印机连接成功......
时间:2016/5/11 10:15:40,事件:启动日志:
2016/5/11 10:15:40L
    正在初始化服务......
2016/5/11 10:15:40
    服务打开成功
2016/5/11 10:15:40
    地磅仪表未启用......
2016/5/11 10:15:40
    正在连接读写器(1)......
2016/5/11 10:15:40
    读写器连接成功(1)......
2016/5/11 10:15:40
    车号识别器(2)未启用......
2016/5/11 10:15:40
    正在连接读写器(3)......
2016/5/11 10:15:40
    读写器连接成功(3)......
2016/5/11 10:15:40
    车号识别器(4)未启用......
2016/5/11 10:15:40
    LED屏连接失败(1):1号Led屏停用
2016/5/11 10:15:40
    LED屏连接失败(2):2号Led屏停用
2016/5/11 10:15:40
    小票打印机连接成功......
时间:2016/5/11 10:20:24,事件:启动日志:
2016/5/11 10:20:24L
    正在初始化服务......
2016/5/11 10:20:24
    服务打开成功
2016/5/11 10:20:24
    地磅仪表未启用......
2016/5/11 10:20:24
    正在连接读写器(1)......
2016/5/11 10:20:24
    读写器连接成功(1)......
2016/5/11 10:20:24
    车号识别器(2)未启用......
2016/5/11 10:20:24
    正在连接读写器(3)......
2016/5/11 10:20:24
    读写器连接成功(3)......
2016/5/11 10:20:24
    车号识别器(4)未启用......
2016/5/11 10:20:24
    LED屏连接失败(1):1号Led屏停用
2016/5/11 10:20:24
    LED屏连接失败(2):2号Led屏停用
2016/5/11 10:20:24
    小票打印机连接成功......
时间:2016/5/11 10:21:34,事件:RetCardProc_ZZCC:收卡机故障
时间:2016/5/11 10:51:23,事件:启动日志:
2016/5/11 10:51:23L
    正在初始化服务......
2016/5/11 10:51:23
    服务打开成功
2016/5/11 10:51:23
    地磅仪表未启用......
2016/5/11 10:51:23
    正在连接读写器(1)......
2016/5/11 10:51:23
    读写器连接成功(1)......
2016/5/11 10:51:23
    车号识别器(2)未启用......
2016/5/11 10:51:23
    正在连接读写器(3)......
2016/5/11 10:51:23
    读写器连接成功(3)......
2016/5/11 10:51:23
    车号识别器(4)未启用......
2016/5/11 10:51:23
    LED屏连接失败(1):1号Led屏停用
2016/5/11 10:51:23
    LED屏连接失败(2):2号Led屏停用
2016/5/11 10:51:23
    小票打印机连接成功......
时间:2016/5/11 11:36:12,事件:设置自动收卡模式的过程中进行强制流程复位
时间:2016/5/11 11:36:21,事件:启动日志:
2016/5/11 11:36:21L
    正在初始化服务......
2016/5/11 11:36:21
    服务打开成功
2016/5/11 11:36:21
    地磅仪表未启用......
2016/5/11 11:36:21
    正在连接读写器(1)......
2016/5/11 11:36:21
    读写器连接成功(1)......
2016/5/11 11:36:21
    车号识别器(2)未启用......
2016/5/11 11:36:21
    正在连接读写器(3)......
2016/5/11 11:36:21
    读写器连接成功(3)......
2016/5/11 11:36:21
    车号识别器(4)未启用......
2016/5/11 11:36:21
    LED屏连接失败(1):1号Led屏停用
2016/5/11 11:36:21
    LED屏连接失败(2):2号Led屏停用
2016/5/11 11:36:21
    小票打印机连接成功......
时间:2016/5/11 11:36:37,事件:RetCardProc_ZZCC:收卡机故障
时间:2016/5/11 11:36:40,事件:在退卡的过程中进行强制流程复位
时间:2016/5/11 11:36:46,事件:RetCardProc_ZZCC:收卡机故障
时间:2016/5/11 11:37:00,事件:启动日志:
2016/5/11 11:37:00L
    正在初始化服务......
2016/5/11 11:37:00
    服务打开成功
2016/5/11 11:37:00
    地磅仪表未启用......
2016/5/11 11:37:00
    正在连接读写器(1)......
2016/5/11 11:37:00
    读写器连接成功(1)......
2016/5/11 11:37:00
    车号识别器(2)未启用......
2016/5/11 11:37:00
    正在连接读写器(3)......
2016/5/11 11:37:00
    读写器连接成功(3)......
2016/5/11 11:37:00
    车号识别器(4)未启用......
2016/5/11 11:37:00
    LED屏连接失败(1):1号Led屏停用
2016/5/11 11:37:00
    LED屏连接失败(2):2号Led屏停用
2016/5/11 11:37:00
    小票打印机连接成功......
时间:2016/5/11 11:56:34,事件:启动日志:
2016/5/11 11:56:34L
    正在初始化服务......
2016/5/11 11:56:34
    服务打开成功
2016/5/11 11:56:34
    地磅仪表未启用......
2016/5/11 11:56:34
    正在连接读写器(1)......
2016/5/11 11:56:34
    读写器连接成功(1)......
2016/5/11 11:56:34
    车号识别器(2)未启用......
2016/5/11 11:56:34
    正在连接读写器(3)......
2016/5/11 11:56:34
    读写器连接成功(3)......
2016/5/11 11:56:34
    车号识别器(4)未启用......
2016/5/11 11:56:34
    LED屏连接失败(1):1号Led屏停用
2016/5/11 11:56:34
    LED屏连接失败(2):2号Led屏停用
2016/5/11 11:56:34
    小票打印机连接成功......
时间:2016/5/11 11:57:33,事件:RetCardProc_ZZCC:收卡机故障
时间:2016/5/11 11:58:56,事件:启动日志:
2016/5/11 11:58:56L
    正在初始化服务......
2016/5/11 11:58:56
    服务打开成功
2016/5/11 11:58:56
    地磅仪表未启用......
2016/5/11 11:58:56
    正在连接读写器(1)......
2016/5/11 11:58:56
    读写器连接成功(1)......
2016/5/11 11:58:56
    车号识别器(2)未启用......
2016/5/11 11:58:56
    正在连接读写器(3)......
2016/5/11 11:58:56
    读写器连接成功(3)......
2016/5/11 11:58:56
    车号识别器(4)未启用......
2016/5/11 11:58:56
    LED屏连接失败(1):1号Led屏停用
2016/5/11 11:58:56
    LED屏连接失败(2):2号Led屏停用
2016/5/11 11:58:56
    小票打印机连接成功......
时间:2016/5/11 11:59:26,事件:RetCardProc_ZZCC:收卡机故障
时间:2016/5/11 12:00:02,事件:启动日志:
2016/5/11 12:00:02L
    正在初始化服务......
2016/5/11 12:00:02
    服务打开成功
2016/5/11 12:00:02
    地磅仪表未启用......
2016/5/11 12:00:02
    正在连接读写器(1)......
2016/5/11 12:00:02
    读写器连接成功(1)......
2016/5/11 12:00:02
    车号识别器(2)未启用......
2016/5/11 12:00:02
    正在连接读写器(3)......
2016/5/11 12:00:02
    读写器连接成功(3)......
2016/5/11 12:00:02
    车号识别器(4)未启用......
2016/5/11 12:00:02
    LED屏连接失败(1):1号Led屏停用
2016/5/11 12:00:02
    LED屏连接失败(2):2号Led屏停用
2016/5/11 12:00:02
    小票打印机连接成功......
时间:2016/5/11 12:01:53,事件:启动日志:
2016/5/11 12:01:53L
    正在初始化服务......
2016/5/11 12:01:53
    服务打开成功
2016/5/11 12:01:53
    地磅仪表未启用......
2016/5/11 12:01:53
    正在连接读写器(1)......
2016/5/11 12:01:53
    读写器连接成功(1)......
2016/5/11 12:01:53
    车号识别器(2)未启用......
2016/5/11 12:01:53
    正在连接读写器(3)......
2016/5/11 12:01:53
    读写器连接成功(3)......
2016/5/11 12:01:53
    车号识别器(4)未启用......
2016/5/11 12:01:53
    LED屏连接失败(1):1号Led屏停用
2016/5/11 12:01:53
    LED屏连接失败(2):2号Led屏停用
2016/5/11 12:01:53
    小票打印机连接成功......
时间:2016/5/11 12:02:30,事件:RetCardProc_ZZCC:收卡机故障
时间:2016/5/11 12:03:17,事件:RetCardProc_ZZCC:收卡机故障
时间:2016/5/11 12:06:26,事件:启动日志:
2016/5/11 12:06:26L
    正在初始化服务......
2016/5/11 12:06:26
    服务打开成功
2016/5/11 12:06:26
    地磅仪表未启用......
2016/5/11 12:06:26
    正在连接读写器(1)......
2016/5/11 12:06:26
    读写器连接成功(1)......
2016/5/11 12:06:26
    车号识别器(2)未启用......
2016/5/11 12:06:26
    正在连接读写器(3)......
2016/5/11 12:06:26
    读写器连接成功(3)......
2016/5/11 12:06:26
    车号识别器(4)未启用......
2016/5/11 12:06:26
    LED屏连接失败(1):1号Led屏停用
2016/5/11 12:06:26
    LED屏连接失败(2):2号Led屏停用
2016/5/11 12:06:26
    小票打印机连接成功......
时间:2016/5/11 12:24:42,事件:等待卡到位的过程中进行强制流程复位
时间:2016/5/11 12:25:06,事件:RetCardProc_ZZCC:收卡机故障
时间:2016/5/11 12:25:18,事件:RetCardProc_ZZCC:收卡机故障
时间:2016/5/11 12:25:33,事件:启动日志:
2016/5/11 12:25:33L
    正在初始化服务......
2016/5/11 12:25:33
    服务打开成功
2016/5/11 12:25:33
    地磅仪表未启用......
2016/5/11 12:25:33
    正在连接读写器(1)......
2016/5/11 12:25:33
    读写器连接成功(1)......
2016/5/11 12:25:33
    车号识别器(2)未启用......
2016/5/11 12:25:33
    正在连接读写器(3)......
2016/5/11 12:25:33
    读写器连接成功(3)......
2016/5/11 12:25:33
    车号识别器(4)未启用......
2016/5/11 12:25:33
    LED屏连接失败(1):1号Led屏停用
2016/5/11 12:25:33
    LED屏连接失败(2):2号Led屏停用
2016/5/11 12:25:33
    小票打印机连接成功......
时间:2016/5/11 15:12:44,事件:启动日志:
2016/5/11 15:12:44L
    正在初始化服务......
2016/5/11 15:12:44
    服务打开成功
2016/5/11 15:12:44
    地磅仪表未启用......
2016/5/11 15:12:44
    正在连接读写器(1)......
2016/5/11 15:12:44
    读写器连接成功(1)......
2016/5/11 15:12:44
    车号识别器(2)未启用......
2016/5/11 15:12:44
    正在连接读写器(3)......
2016/5/11 15:12:44
    读写器连接成功(3)......
2016/5/11 15:12:44
    车号识别器(4)未启用......
2016/5/11 15:12:44
    LED屏连接失败(1):1号Led屏停用
2016/5/11 15:12:44
    LED屏连接失败(2):2号Led屏停用
2016/5/11 15:12:44
    小票打印机连接成功......
时间:2016/5/11 15:14:21,事件:启动日志:
2016/5/11 15:14:20L
    正在初始化服务......
2016/5/11 15:14:20
    服务打开成功
2016/5/11 15:14:20
    地磅仪表未启用......
2016/5/11 15:14:20
    正在连接读写器(1)......
2016/5/11 15:14:20
    读写器连接成功(1)......
2016/5/11 15:14:20
    车号识别器(2)未启用......
2016/5/11 15:14:20
    正在连接读写器(3)......
2016/5/11 15:14:20
    读写器连接成功(3)......
2016/5/11 15:14:20
    车号识别器(4)未启用......
2016/5/11 15:14:20
    LED屏连接失败(1):1号Led屏停用
2016/5/11 15:14:20
    LED屏连接失败(2):2号Led屏停用
2016/5/11 15:14:21
    小票打印机连接成功......
时间:2016/5/11 15:15:11,事件:设置自动收卡模式的过程中进行强制流程复位
时间:2016/5/11 15:24:36,事件:启动日志:
2016/5/11 15:24:36L
    正在初始化服务......
2016/5/11 15:24:36
    服务打开成功
2016/5/11 15:24:36
    地磅仪表未启用......
2016/5/11 15:24:36
    正在连接读写器(1)......
2016/5/11 15:24:36
    读写器连接成功(1)......
2016/5/11 15:24:36
    车号识别器(2)未启用......
2016/5/11 15:24:36
    正在连接读写器(3)......
2016/5/11 15:24:36
    读写器连接成功(3)......
2016/5/11 15:24:36
    车号识别器(4)未启用......
2016/5/11 15:24:36
    LED屏连接失败(1):1号Led屏停用
2016/5/11 15:24:36
    LED屏连接失败(2):2号Led屏停用
2016/5/11 15:24:36
    小票打印机连接成功......
时间:2016/5/11 15:25:12,事件:设置自动收卡模式的过程中进行强制流程复位
时间:2016/5/11 15:26:36,事件:启动日志:
2016/5/11 15:26:36L
    正在初始化服务......
2016/5/11 15:26:36
    服务打开成功
2016/5/11 15:26:36
    地磅仪表未启用......
2016/5/11 15:26:36
    正在连接读写器(1)......
2016/5/11 15:26:36
    读写器连接成功(1)......
2016/5/11 15:26:36
    车号识别器(2)未启用......
2016/5/11 15:26:36
    正在连接读写器(3)......
2016/5/11 15:26:36
    读写器连接成功(3)......
2016/5/11 15:26:36
    车号识别器(4)未启用......
2016/5/11 15:26:36
    LED屏连接失败(1):1号Led屏停用
2016/5/11 15:26:36
    LED屏连接失败(2):2号Led屏停用
2016/5/11 15:26:36
    小票打印机连接成功......
