时间:2016/5/24 16:02:04,事件:启动日志:
2016/5/24 16:02:03L
    正在初始化服务......
2016/5/24 16:02:04
    服务打开成功
2016/5/24 16:02:04L
    正在连接开元采样机中间库......
2016/5/24 16:02:04
    开元采样机中间库连接成功
2016/5/24 16:02:04L
    正在连接开元制样机中间库......
2016/5/24 16:02:04
    开元制样机中间库连接成功
2016/5/24 16:02:04L
    正在连接存样柜中间库......
2016/5/24 16:02:04
    存样柜中间库连接成功
2016/5/24 16:02:04
    地磅仪表未启用......
2016/5/24 16:02:04
    车号识别器(1)未启用......
2016/5/24 16:02:04
    车号识别器(2)未启用......
2016/5/24 16:02:04
    车号识别器(3)未启用......
2016/5/24 16:02:04
    车号识别器(4)未启用......
2016/5/24 16:02:04
    LED屏连接失败(1):1号Led屏停用
2016/5/24 16:02:04
    LED屏连接失败(2):2号Led屏停用
时间:2016/5/24 16:03:17,事件:CunYG_QuY:存样柜正在进行弃样操作
时间:2016/5/24 16:06:50,事件:CunYG_QuY:存样柜开始进行取样操作
时间:2016/5/24 16:08:49,事件:CunYG_QuY:等待存样柜操作,被强制中止
时间:2016/5/24 16:09:37,事件:CunYG_QuY:存样柜正在进行取样操作
时间:2016/5/24 16:11:13,事件:启动日志:
2016/5/24 16:11:13L
    正在初始化服务......
2016/5/24 16:11:13
    服务打开成功
2016/5/24 16:11:13L
    正在连接开元采样机中间库......
2016/5/24 16:11:13
    开元采样机中间库连接成功
2016/5/24 16:11:13L
    正在连接开元制样机中间库......
2016/5/24 16:11:13
    开元制样机中间库连接成功
2016/5/24 16:11:13L
    正在连接存样柜中间库......
2016/5/24 16:11:13
    存样柜中间库连接成功
2016/5/24 16:11:13
    地磅仪表未启用......
2016/5/24 16:11:13
    车号识别器(1)未启用......
2016/5/24 16:11:13
    车号识别器(2)未启用......
2016/5/24 16:11:13
    车号识别器(3)未启用......
2016/5/24 16:11:13
    车号识别器(4)未启用......
2016/5/24 16:11:13
    LED屏连接失败(1):1号Led屏停用
2016/5/24 16:11:13
    LED屏连接失败(2):2号Led屏停用
时间:2016/5/24 16:12:24,事件:CunYG_QuY:存样柜开始进行取样操作
时间:2016/5/24 16:13:15,事件:CunYG_QuY:存样柜操作完成,操作状态:该存取计划已添加完成
时间:2016/5/24 16:13:42,事件:CunYG_QuY:存样柜开始进行取样操作
时间:2016/5/24 16:14:08,事件:CunYG_QuY:存样柜操作完成,操作状态:存查样柜内指定位置（柜名、层名、位名）无效、或不存在、或不可用
时间:2016/5/24 16:17:57,事件:SamUnloadProc:等待进入卸料状态,采样机状态:待机可卸
时间:2016/5/24 16:18:24,事件:SamUnloadProc:等待进入卸料状态,采样机状态:正在卸样
时间:2016/5/24 16:18:31,事件:SamUnloadProc:采样机进入卸料状态
时间:2016/5/24 16:21:42,事件:SamUnloadProc:采样机卸料完成
时间:2016/5/24 16:21:50,事件:SamUnloadProc:等待进入可制样状态,制样机状态:就绪(可以卸样)
时间:2016/5/24 16:21:56,事件:SamUnloadProc:等待进入可制样状态,制样机状态:就绪(可以卸样)
时间:2016/5/24 19:06:27,事件:启动日志:
2016/5/24 19:06:26L
    正在初始化服务......
2016/5/24 19:06:27
    服务打开成功
2016/5/24 19:06:27L
    正在连接开元采样机中间库......
2016/5/24 19:06:27
    开元采样机中间库连接成功
2016/5/24 19:06:27L
    正在连接开元制样机中间库......
2016/5/24 19:06:27
    开元制样机中间库连接成功
2016/5/24 19:06:27L
    正在连接存样柜中间库......
2016/5/24 19:06:27
    存样柜中间库连接成功
2016/5/24 19:06:27
    地磅仪表未启用......
2016/5/24 19:06:27
    车号识别器(1)未启用......
2016/5/24 19:06:27
    车号识别器(2)未启用......
2016/5/24 19:06:27
    车号识别器(3)未启用......
2016/5/24 19:06:27
    车号识别器(4)未启用......
2016/5/24 19:06:27
    LED屏连接失败(1):1号Led屏停用
2016/5/24 19:06:27
    LED屏连接失败(2):2号Led屏停用
时间:2016/5/24 19:07:08,事件:启动日志:
2016/5/24 19:07:07L
    正在初始化服务......
2016/5/24 19:07:07
    服务打开成功
2016/5/24 19:07:07L
    正在连接开元采样机中间库......
2016/5/24 19:07:08
    开元采样机中间库连接成功
2016/5/24 19:07:08L
    正在连接开元制样机中间库......
2016/5/24 19:07:08
    开元制样机中间库连接成功
2016/5/24 19:07:08
    地磅仪表未启用......
2016/5/24 19:07:08
    车号识别器(1)未启用......
2016/5/24 19:07:08
    车号识别器(2)未启用......
2016/5/24 19:07:08
    车号识别器(3)未启用......
2016/5/24 19:07:08
    车号识别器(4)未启用......
2016/5/24 19:07:08
    LED屏连接失败(1):1号Led屏停用
2016/5/24 19:07:08
    LED屏连接失败(2):2号Led屏停用
时间:2016/5/24 19:07:26,事件:SamUnloadProc:等待进入卸料状态,采样机状态:待机可卸
时间:2016/5/24 19:07:29,事件:SamUnloadProc:等待进入卸料状态,采样机状态:正在卸样
时间:2016/5/24 19:07:32,事件:SamUnloadProc:采样机进入卸料状态
时间:2016/5/24 19:09:53,事件:SamUnloadProc:采样机卸料完成,等待制样机进入可制样状态
时间:2016/5/24 19:09:55,事件:SamUnloadProc:制样机进入可制样状态,写入制样信息
时间:2016/5/24 19:09:55,事件:SamUnloadProc:启动制样机开始制样
时间:2016/5/24 19:09:55,事件:SamUnloadProc:等待制样机完成制样
时间:2016/5/24 19:10:56,事件:SamUnloadProc:制样机制样完成
时间:2016/5/24 19:22:02,事件:SamUnloadProc:等待进入卸料状态,采样机状态:正在卸样
时间:2016/5/24 19:22:17,事件:SamUnloadProc:采样机进入卸料状态
