时间:2016/5/10 22:40:25,事件:启动日志:
2016/5/10 22:40:24L
    正在初始化服务......
2016/5/10 22:40:24
    服务打开成功
2016/5/10 22:40:24
    地磅仪表未启用......
2016/5/10 22:40:24
    正在连接读写器(1)......
2016/5/10 22:40:24
    读写器连接失败(1):串口打开失败
2016/5/10 22:40:24
    车号识别器(2)未启用......
2016/5/10 22:40:24
    正在连接读写器(3)......
2016/5/10 22:40:25
    读写器连接失败(3):串口打开失败
2016/5/10 22:40:25
    车号识别器(4)未启用......
2016/5/10 22:40:25
    LED屏连接失败(1):1号Led屏停用
2016/5/10 22:40:25
    LED屏连接失败(2):2号Led屏停用
2016/5/10 22:40:25
    小票打印机连接成功......
时间:2016/5/10 22:41:33,事件:启动日志:
2016/5/10 22:41:33L
    正在初始化服务......
2016/5/10 22:41:33
    服务打开成功
2016/5/10 22:41:33
    地磅仪表未启用......
2016/5/10 22:41:33
    正在连接读写器(1)......
2016/5/10 22:41:33
    读写器连接成功(1)......
2016/5/10 22:41:33
    车号识别器(2)未启用......
2016/5/10 22:41:33
    正在连接读写器(3)......
2016/5/10 22:41:33
    读写器连接成功(3)......
2016/5/10 22:41:33
    车号识别器(4)未启用......
2016/5/10 22:41:33
    LED屏连接失败(1):1号Led屏停用
2016/5/10 22:41:33
    LED屏连接失败(2):2号Led屏停用
2016/5/10 22:41:33
    小票打印机连接成功......
时间:2016/5/10 22:42:35,事件:启动日志:
2016/5/10 22:42:35L
    正在初始化服务......
2016/5/10 22:42:35
    服务打开成功
2016/5/10 22:42:35
    地磅仪表未启用......
2016/5/10 22:42:35
    正在连接读写器(1)......
2016/5/10 22:42:35
    读写器连接成功(1)......
2016/5/10 22:42:35
    车号识别器(2)未启用......
2016/5/10 22:42:35
    正在连接读写器(3)......
2016/5/10 22:42:35
    读写器连接成功(3)......
2016/5/10 22:42:35
    车号识别器(4)未启用......
2016/5/10 22:42:35
    LED屏连接失败(1):1号Led屏停用
2016/5/10 22:42:35
    LED屏连接失败(2):2号Led屏停用
2016/5/10 22:42:35
    小票打印机连接成功......
时间:2016/5/10 22:44:51,事件:启动日志:
2016/5/10 22:44:51L
    正在初始化服务......
2016/5/10 22:44:51
    服务打开成功
2016/5/10 22:44:51
    地磅仪表未启用......
2016/5/10 22:44:51
    正在连接读写器(1)......
2016/5/10 22:44:51
    读写器连接成功(1)......
2016/5/10 22:44:51
    车号识别器(2)未启用......
2016/5/10 22:44:51
    正在连接读写器(3)......
2016/5/10 22:44:51
    读写器连接成功(3)......
2016/5/10 22:44:51
    车号识别器(4)未启用......
2016/5/10 22:44:51
    LED屏连接失败(1):1号Led屏停用
2016/5/10 22:44:51
    LED屏连接失败(2):2号Led屏停用
2016/5/10 22:44:51
    小票打印机连接成功......
时间:2016/5/10 22:45:42,事件:等待卡到位的过程中进行强制流程复位
时间:2016/5/10 22:49:41,事件:启动日志:
2016/5/10 22:49:41L
    正在初始化服务......
2016/5/10 22:49:41
    服务打开成功
2016/5/10 22:49:41
    地磅仪表未启用......
2016/5/10 22:49:41
    正在连接读写器(1)......
2016/5/10 22:49:41
    读写器连接成功(1)......
2016/5/10 22:49:41
    车号识别器(2)未启用......
2016/5/10 22:49:41
    正在连接读写器(3)......
2016/5/10 22:49:41
    读写器连接成功(3)......
2016/5/10 22:49:41
    车号识别器(4)未启用......
2016/5/10 22:49:41
    LED屏连接失败(1):1号Led屏停用
2016/5/10 22:49:41
    LED屏连接失败(2):2号Led屏停用
2016/5/10 22:49:41
    小票打印机连接成功......
时间:2016/5/10 22:52:28,事件:启动日志:
2016/5/10 22:52:28L
    正在初始化服务......
2016/5/10 22:52:28
    服务打开成功
2016/5/10 22:52:28
    地磅仪表未启用......
2016/5/10 22:52:28
    正在连接读写器(1)......
2016/5/10 22:52:28
    读写器连接成功(1)......
2016/5/10 22:52:28
    车号识别器(2)未启用......
2016/5/10 22:52:28
    正在连接读写器(3)......
2016/5/10 22:52:28
    读写器连接成功(3)......
2016/5/10 22:52:28
    车号识别器(4)未启用......
2016/5/10 22:52:28
    LED屏连接失败(1):1号Led屏停用
2016/5/10 22:52:28
    LED屏连接失败(2):2号Led屏停用
2016/5/10 22:52:28
    小票打印机连接成功......
时间:2016/5/10 22:55:29,事件:启动日志:
2016/5/10 22:55:28L
    正在初始化服务......
2016/5/10 22:55:28
    服务打开成功
2016/5/10 22:55:28
    地磅仪表未启用......
2016/5/10 22:55:28
    正在连接读写器(1)......
2016/5/10 22:55:29
    读写器连接成功(1)......
2016/5/10 22:55:29
    车号识别器(2)未启用......
2016/5/10 22:55:29
    正在连接读写器(3)......
2016/5/10 22:55:29
    读写器连接成功(3)......
2016/5/10 22:55:29
    车号识别器(4)未启用......
2016/5/10 22:55:29
    LED屏连接失败(1):1号Led屏停用
2016/5/10 22:55:29
    LED屏连接失败(2):2号Led屏停用
2016/5/10 22:55:29
    小票打印机连接成功......
时间:2016/5/10 23:03:19,事件:启动日志:
2016/5/10 23:03:19L
    正在初始化服务......
2016/5/10 23:03:19
    服务打开成功
2016/5/10 23:03:19
    地磅仪表未启用......
2016/5/10 23:03:19
    正在连接读写器(1)......
2016/5/10 23:03:19
    读写器连接成功(1)......
2016/5/10 23:03:19
    车号识别器(2)未启用......
2016/5/10 23:03:19
    正在连接读写器(3)......
2016/5/10 23:03:19
    读写器连接成功(3)......
2016/5/10 23:03:19
    车号识别器(4)未启用......
2016/5/10 23:03:19
    LED屏连接失败(1):1号Led屏停用
2016/5/10 23:03:19
    LED屏连接失败(2):2号Led屏停用
2016/5/10 23:03:19
    小票打印机连接成功......
时间:2016/5/10 23:51:57,事件:启动日志:
2016/5/10 23:51:57
    正在启动煤管理系统......
2016/5/10 23:51:57L
    正在初始化服务......
2016/5/10 23:51:57
    服务打开成功
2016/5/10 23:51:57
    地磅仪表未启用......
2016/5/10 23:51:57
    正在连接读写器(1)......
2016/5/10 23:51:57
    读写器连接成功(1)......
2016/5/10 23:51:57
    车号识别器(2)未启用......
2016/5/10 23:51:57
    正在连接读写器(3)......
2016/5/10 23:51:57
    读写器连接成功(3)......
2016/5/10 23:51:57
    车号识别器(4)未启用......
2016/5/10 23:51:57
    LED屏连接失败(1):1号Led屏停用
2016/5/10 23:51:57
    LED屏连接失败(2):2号Led屏停用
2016/5/10 23:51:57
    小票打印机连接成功......
时间:2016/5/10 23:54:15,事件:启动日志:
2016/5/10 23:54:15
    正在启动煤管理系统......
2016/5/10 23:54:15L
    正在初始化服务......
2016/5/10 23:54:15
    服务打开成功
2016/5/10 23:54:15
    地磅仪表未启用......
2016/5/10 23:54:15
    正在连接读写器(1)......
2016/5/10 23:54:15
    读写器连接成功(1)......
2016/5/10 23:54:15
    车号识别器(2)未启用......
2016/5/10 23:54:15
    正在连接读写器(3)......
2016/5/10 23:54:15
    读写器连接成功(3)......
2016/5/10 23:54:15
    车号识别器(4)未启用......
2016/5/10 23:54:15
    LED屏连接失败(1):1号Led屏停用
2016/5/10 23:54:15
    LED屏连接失败(2):2号Led屏停用
2016/5/10 23:54:15
    小票打印机连接成功......
时间:2016/5/10 23:55:31,事件:蒙K88739^验证成功,请去往北煤垛
